<?xml version="1.0" encoding="utf-8"?><testsuites name="pytest tests"><testsuite name="pytest" errors="0" failures="1" skipped="0" tests="9" time="7.384" timestamp="2026-06-27T11:19:52.408929+00:00" hostname="agent-env-99b5bebe-9f08-4692-ba1b-011288199bff"><testcase classname="backend.tests.test_admin_users_case_insensitive.TestAdminCaseInsensitiveEmail" name="test_delete_with_lowercase_email_succeeds" time="1.875" /><testcase classname="backend.tests.test_admin_users_case_insensitive.TestAdminCaseInsensitiveEmail" name="test_delete_with_mixedcase_email_succeeds" time="0.905" /><testcase classname="backend.tests.test_admin_users_case_insensitive.TestAdminCaseInsensitiveEmail" name="test_comp_case_insensitive" time="0.805"><failure message="AssertionError: comp endpoint did NOT find mixed-case user — created pending grant instead: {'ok': True, 'email': 'mixedcasetest_458c8a83@example.com', 'pending': True, 'days_granted': 30, 'message': &quot;User has no account yet. Comp queued — they'll get 30 days Pro the moment they sign up with this email.&quot;}&#10;assert True is not True&#10; +  where True = &lt;built-in method get of dict object at 0xf9c9110e9f80&gt;('pending')&#10; +    where &lt;built-in method get of dict object at 0xf9c9110e9f80&gt; = {'days_granted': 30, 'email': 'mixedcasetest_458c8a83@example.com', 'message': &quot;User has no account yet. Comp queued — they'll get 30 days Pro the moment they sign up with this email.&quot;, 'ok': True, ...}.get">backend/tests/test_admin_users_case_insensitive.py:130: in test_comp_case_insensitive
    assert body.get("pending") is not True, \
E   AssertionError: comp endpoint did NOT find mixed-case user — created pending grant instead: {'ok': True, 'email': 'mixedcasetest_458c8a83@example.com', 'pending': True, 'days_granted': 30, 'message': "User has no account yet. Comp queued — they'll get 30 days Pro the moment they sign up with this email."}
E   assert True is not True
E    +  where True = &lt;built-in method get of dict object at 0xf9c9110e9f80&gt;('pending')
E    +    where &lt;built-in method get of dict object at 0xf9c9110e9f80&gt; = {'days_granted': 30, 'email': 'mixedcasetest_458c8a83@example.com', 'message': "User has no account yet. Comp queued — they'll get 30 days Pro the moment they sign up with this email.", 'ok': True, ...}.get</failure></testcase><testcase classname="backend.tests.test_admin_users_case_insensitive.TestAdminCaseInsensitiveEmail" name="test_revoke_case_insensitive" time="1.261" /><testcase classname="backend.tests.test_admin_users_case_insensitive.TestAdminCaseInsensitiveEmail" name="test_restore_case_insensitive" time="1.083" /><testcase classname="backend.tests.test_admin_users_case_insensitive.TestAdminCaseInsensitiveEmail" name="test_purge_case_insensitive_and_removed_from_recent" time="1.073" /><testcase classname="backend.tests.test_admin_users_case_insensitive.TestAdminCaseInsensitiveEmail" name="test_protected_account_guard_still_works" time="0.092" /><testcase classname="backend.tests.test_admin_users_case_insensitive.TestAdminCaseInsensitiveEmail" name="test_protected_account_guard_against_mixed_case_input" time="0.099" /><testcase classname="backend.tests.test_admin_users_case_insensitive.TestAdminCaseInsensitiveEmail" name="test_nonexistent_user_returns_404" time="0.089" /></testsuite></testsuites>