<?xml version="1.0" encoding="utf-8"?><testsuites name="pytest tests"><testsuite name="pytest" errors="0" failures="0" skipped="0" tests="6" time="139.315" timestamp="2026-07-03T06:15:22.828704+00:00" hostname="agent-env-99b5bebe-9f08-4692-ba1b-011288199bff"><testcase classname="backend.tests.test_deep_think_auto_router.TestAutoRouterPro" name="test_short_question_never_triggers_auto" time="13.553" /><testcase classname="backend.tests.test_deep_think_auto_router.TestAutoRouterPro" name="test_complex_question_triggers_auto_and_uses_sonnet" time="44.559" /><testcase classname="backend.tests.test_deep_think_auto_router.TestAutoRouterPro" name="test_deep_think_quota_incremented_after_auto_trigger" time="32.205" /><testcase classname="backend.tests.test_deep_think_auto_router.TestAutoRouterFreeTier" name="test_free_user_complex_never_auto_triggers" time="12.429" /><testcase classname="backend.tests.test_deep_think_auto_router.TestAutoRouterFreeTier" name="test_free_user_explicit_deep_think_true_returns_402" time="0.118" /><testcase classname="backend.tests.test_deep_think_auto_router.TestAutoRouterQuotaExhaustion" name="test_quota_exhausted_falls_back_silently" time="36.296" /></testsuite></testsuites>