<?xml version="1.0" encoding="utf-8"?><testsuites name="pytest tests"><testsuite name="pytest" errors="0" failures="0" skipped="0" tests="11" time="38.845" timestamp="2026-06-01T17:45:30.854729+00:00" hostname="agent-env-99b5bebe-9f08-4692-ba1b-011288199bff"><testcase classname="backend.tests.test_et1_autofill.TestET1Draft" name="test_draft_create_returns_structured_response" time="36.899" /><testcase classname="backend.tests.test_et1_autofill.TestET1Draft" name="test_draft_claim_types_relevant_to_maternity_dismissal" time="0.000" /><testcase classname="backend.tests.test_et1_autofill.TestET1Draft" name="test_get_draft_for_owner" time="0.160" /><testcase classname="backend.tests.test_et1_autofill.TestET1Draft" name="test_get_draft_other_user_forbidden" time="0.633" /><testcase classname="backend.tests.test_et1_autofill.TestET1Draft" name="test_get_draft_unauth" time="0.102" /><testcase classname="backend.tests.test_et1_autofill.TestET1Draft" name="test_update_draft_persists" time="0.334" /><testcase classname="backend.tests.test_et1_autofill.TestET1Draft" name="test_update_draft_other_user_forbidden" time="0.112" /><testcase classname="backend.tests.test_et1_autofill.TestET1Draft" name="test_pdf_download_returns_pdf" time="0.146" /><testcase classname="backend.tests.test_et1_autofill.TestET1Draft" name="test_pdf_other_user_forbidden" time="0.110" /><testcase classname="backend.tests.test_et1_autofill.TestET1Draft" name="test_get_missing_draft_404" time="0.152" /><testcase classname="backend.tests.test_et1_autofill.TestET1Draft" name="test_draft_requires_auth" time="0.113" /></testsuite></testsuites>