<?xml version="1.0" encoding="utf-8"?><testsuites name="pytest tests"><testsuite name="pytest" errors="0" failures="0" skipped="0" tests="67" time="80.945" timestamp="2026-05-10T16:45:41.529455+00:00" hostname="agent-env-99b5bebe-9f08-4692-ba1b-011288199bff"><testcase classname="backend.tests.backend_test" name="test_root" time="0.176" /><testcase classname="backend.tests.backend_test" name="test_languages" time="0.142" /><testcase classname="backend.tests.backend_test" name="test_signup" time="0.332" /><testcase classname="backend.tests.backend_test" name="test_signup_dup" time="0.102" /><testcase classname="backend.tests.backend_test" name="test_login_ok" time="0.324" /><testcase classname="backend.tests.backend_test" name="test_login_bad" time="0.322" /><testcase classname="backend.tests.backend_test" name="test_google" time="0.151" /><testcase classname="backend.tests.backend_test" name="test_me" time="0.147" /><testcase classname="backend.tests.backend_test" name="test_no_auth_401" time="0.106" /><testcase classname="backend.tests.backend_test" name="test_bad_token" time="0.132" /><testcase classname="backend.tests.backend_test" name="test_prefs" time="0.105" /><testcase classname="backend.tests.backend_test" name="test_lex_chat" time="5.450" /><testcase classname="backend.tests.backend_test" name="test_lex_chat_category" time="11.269" /><testcase classname="backend.tests.backend_test" name="test_lex_sessions" time="0.129" /><testcase classname="backend.tests.backend_test" name="test_lex_session_detail" time="0.447" /><testcase classname="backend.tests.backend_test" name="test_legal_letter" time="19.085" /><testcase classname="backend.tests.backend_test" name="test_tts" time="1.012" /><testcase classname="backend.tests.backend_test" name="test_transcribe" time="1.539" /><testcase classname="backend.tests.backend_test" name="test_legal_files_list" time="0.107" /><testcase classname="backend.tests.backend_test" name="test_contract_analyze" time="9.786" /><testcase classname="backend.tests.backend_test" name="test_sub_status" time="0.151" /><testcase classname="backend.tests.backend_test" name="test_checkout" time="0.294" /><testcase classname="backend.tests.backend_test" name="test_activate_test" time="0.111" /><testcase classname="backend.tests.backend_test" name="test_trial_gating" time="0.523" /><testcase classname="backend.tests.backend_test" name="test_evidence_analyze_no_auth" time="0.145" /><testcase classname="backend.tests.backend_test" name="test_evidence_analyze_ok" time="12.465" /><testcase classname="backend.tests.backend_test" name="test_evidence_analyze_persisted_in_legal_files" time="0.130" /><testcase classname="backend.tests.backend_test" name="test_evidence_analyze_402_when_trial_expired" time="0.440" /><testcase classname="backend.tests.backend_test" name="test_prefs_location_enable" time="0.106" /><testcase classname="backend.tests.backend_test" name="test_prefs_location_persists_via_me" time="0.107" /><testcase classname="backend.tests.backend_test" name="test_prefs_location_disable_keeps_false" time="0.243" /><testcase classname="backend.tests.backend_test" name="test_lawfirms_list" time="0.117" /><testcase classname="backend.tests.backend_test" name="test_lawfirms_filter_country_gb" time="0.124" /><testcase classname="backend.tests.backend_test" name="test_lawfirms_filter_specialty_employment" time="0.114" /><testcase classname="backend.tests.backend_test" name="test_lawfirms_geo_sort_with_distance" time="0.104" /><testcase classname="backend.tests.backend_test" name="test_lawfirms_geo_max_km" time="0.102" /><testcase classname="backend.tests.backend_test" name="test_lawfirms_inquiry_no_auth" time="0.133" /><testcase classname="backend.tests.backend_test" name="test_lawfirms_inquiry_ok" time="0.154" /><testcase classname="backend.tests.backend_test" name="test_lawfirms_inquiry_invalid_firm_id" time="0.109" /><testcase classname="backend.tests.backend_test" name="test_lawfirms_advertise_public_no_auth" time="0.144" /><testcase classname="backend.tests.backend_test" name="test_lawfirms_advertise_persisted" time="0.003" /><testcase classname="backend.tests.backend_test" name="test_lawfirms_advertise_validation_error" time="0.109" /><testcase classname="backend.tests.backend_test" name="test_pdf_inline_no_auth" time="0.130" /><testcase classname="backend.tests.backend_test" name="test_pdf_inline_ok" time="0.261" /><testcase classname="backend.tests.backend_test" name="test_pdf_inline_minimal_no_optional" time="0.239" /><testcase classname="backend.tests.backend_test" name="test_pdf_inline_validation_missing_fields" time="0.097" /><testcase classname="backend.tests.backend_test" name="test_pdf_file_letter_create_and_download" time="9.635" /><testcase classname="backend.tests.backend_test" name="test_pdf_file_no_auth" time="0.126" /><testcase classname="backend.tests.backend_test" name="test_pdf_file_404_nonexistent" time="0.120" /><testcase classname="backend.tests.backend_test" name="test_pdf_file_evidence" time="0.286" /><testcase classname="backend.tests.backend_test" name="test_pdf_file_recording" time="0.225" /><testcase classname="backend.tests.backend_test" name="test_pdf_file_cross_user_404" time="0.445" /><testcase classname="backend.tests.backend_test" name="test_auth_providers_shape_and_disabled_state" time="0.116" /><testcase classname="backend.tests.backend_test" name="test_google_credential_only_without_client_id_returns_400" time="0.125" /><testcase classname="backend.tests.backend_test" name="test_google_demo_legacy_payload_still_works" time="0.108" /><testcase classname="backend.tests.backend_test" name="test_google_no_payload_returns_400" time="0.107" /><testcase classname="backend.tests.backend_test" name="test_apple_returns_503_when_not_configured" time="0.113" /><testcase classname="backend.tests.backend_test" name="test_apple_validation_missing_token" time="0.104" /><testcase classname="backend.tests.backend_test" name="test_stripe_webhook_accepts_unsigned_when_secret_empty" time="0.106" /><testcase classname="backend.tests.backend_test" name="test_stripe_webhook_checkout_completed_activates_user" time="0.111" /><testcase classname="backend.tests.backend_test" name="test_stripe_webhook_subscription_deleted_cancels_user" time="0.123" /><testcase classname="backend.tests.backend_test" name="test_pdf_inline_lang_en_GB" time="0.267" /><testcase classname="backend.tests.backend_test" name="test_pdf_inline_lang_ar_IQ_arabic_body" time="0.229" /><testcase classname="backend.tests.backend_test" name="test_pdf_inline_lang_ur_PK_urdu_body" time="0.235" /><testcase classname="backend.tests.backend_test" name="test_pdf_inline_lang_zh_CN_chinese_body" time="0.215" /><testcase classname="backend.tests.backend_test" name="test_pdf_inline_lang_hi_IN_hindi_body" time="0.233" /><testcase classname="backend.tests.backend_test" name="test_pdf_inline_branded_footer_present_in_bytes" time="0.226" /></testsuite></testsuites>