<?xml version="1.0" encoding="utf-8"?><testsuites name="pytest tests"><testsuite name="pytest" errors="0" failures="0" skipped="0" tests="8" time="6.606" timestamp="2026-06-19T11:38:25.134852+00:00" hostname="agent-env-99b5bebe-9f08-4692-ba1b-011288199bff"><testcase classname="backend.tests.test_iter28_signature_uk_juris.TestPDFInlineSignature" name="test_pdf_inline_with_signature" time="0.952" /><testcase classname="backend.tests.test_iter28_signature_uk_juris.TestPDFInlineSignature" name="test_pdf_inline_without_signature_regression" time="0.256" /><testcase classname="backend.tests.test_iter28_signature_uk_juris.TestPDFInlineSignature" name="test_pdf_size_difference_signed_vs_unsigned" time="0.512" /><testcase classname="backend.tests.test_iter28_signature_uk_juris.TestUKJurisdiction" name="test_set_scotland_and_verify_persistence" time="0.195" /><testcase classname="backend.tests.test_iter28_signature_uk_juris.TestUKJurisdiction" name="test_invalid_jurisdiction_returns_400" time="0.136" /><testcase classname="backend.tests.test_iter28_signature_uk_juris.TestUKJurisdiction" name="test_ni_shorthand_normalises" time="0.192" /><testcase classname="backend.tests.test_iter28_signature_uk_juris.TestUKJurisdiction" name="test_set_england_then_wales" time="0.235" /><testcase classname="backend.tests.test_iter28_signature_uk_juris.TestLexChatWithJurisdiction" name="test_lex_chat_works_after_scotland_set" time="4.031" /></testsuite></testsuites>