<?xml version="1.0" encoding="utf-8"?><testsuites name="pytest tests"><testsuite name="pytest" errors="0" failures="0" skipped="0" tests="5" time="0.816" timestamp="2026-06-19T11:51:04.593221+00:00" hostname="agent-env-99b5bebe-9f08-4692-ba1b-011288199bff"><testcase classname="backend.tests.test_iter29_sig_cap_and_pref_jurisdiction.TestSignatureSizeCap" name="test_signature_250kb_returns_413" time="0.544" /><testcase classname="backend.tests.test_iter29_sig_cap_and_pref_jurisdiction.TestSignatureSizeCap" name="test_signature_at_tiny_size_still_ok" time="0.119" /><testcase classname="backend.tests.test_iter29_sig_cap_and_pref_jurisdiction.TestAuthPreferencesJurisdiction" name="test_set_jurisdiction_via_preferences" time="0.013" /><testcase classname="backend.tests.test_iter29_sig_cap_and_pref_jurisdiction.TestAuthPreferencesJurisdiction" name="test_clear_jurisdiction_via_null" time="0.028" /><testcase classname="backend.tests.test_iter29_sig_cap_and_pref_jurisdiction.TestAuthPreferencesJurisdiction" name="test_restore_to_gb_england" time="0.012" /></testsuite></testsuites>