<?xml version="1.0" encoding="utf-8"?><testsuites name="pytest tests"><testsuite name="pytest" errors="0" failures="0" skipped="0" tests="10" time="2.863" timestamp="2026-06-26T17:50:51.542606+00:00" hostname="agent-env-99b5bebe-9f08-4692-ba1b-011288199bff"><testcase classname="backend.tests.test_timeline_delete_bug.TestTimelineDeleteBug" name="test_a_login_succeeds" time="0.723" /><testcase classname="backend.tests.test_timeline_delete_bug.TestTimelineDeleteBug" name="test_b_timeline_returns_items" time="0.276" /><testcase classname="backend.tests.test_timeline_delete_bug.TestTimelineDeleteBug" name="test_c_delete_chat_removes_from_timeline" time="0.391" /><testcase classname="backend.tests.test_timeline_delete_bug.TestTimelineDeleteBug" name="test_d_lex_sessions_also_filters_deleted" time="0.104" /><testcase classname="backend.tests.test_timeline_delete_bug.TestTimelineDeleteBug" name="test_e_idempotent_second_delete_returns_200" time="0.142" /><testcase classname="backend.tests.test_timeline_delete_bug.TestTimelineDeleteBug" name="test_f_genuinely_missing_chat_still_404" time="0.157" /><testcase classname="backend.tests.test_timeline_delete_bug.TestTimelineDeleteBug" name="test_g_validation_bogus_kind" time="0.104" /><testcase classname="backend.tests.test_timeline_delete_bug.TestTimelineDeleteBug" name="test_h_validation_empty_item_id" time="0.109" /><testcase classname="backend.tests.test_timeline_delete_bug.TestTimelineDeadlineDelete" name="test_create_reminder_and_delete" time="0.433" /><testcase classname="backend.tests.test_timeline_delete_bug.TestTimelineCaseDelete" name="test_delete_case_if_present" time="0.339" /></testsuite></testsuites>