<?xml version="1.0" encoding="utf-8"?><testsuites name="pytest tests"><testsuite name="pytest" errors="0" failures="0" skipped="0" tests="21" time="10.269" timestamp="2026-05-15T12:21:04.820140+00:00" hostname="agent-env-99b5bebe-9f08-4692-ba1b-011288199bff"><testcase classname="backend.tests.test_iter9_features.TestCases" name="test_create_list_get_patch_delete" time="1.221" /><testcase classname="backend.tests.test_iter9_features.TestCases" name="test_export_pdf" time="0.352" /><testcase classname="backend.tests.test_iter9_features.TestCases" name="test_auto_name" time="1.172" /><testcase classname="backend.tests.test_iter9_features.TestReminders" name="test_create_list_update" time="0.423" /><testcase classname="backend.tests.test_iter9_features.TestReminders" name="test_detect_endpoint" time="1.665" /><testcase classname="backend.tests.test_iter9_features.TestVideo" name="test_free_tier_402" time="0.823" /><testcase classname="backend.tests.test_iter9_features.TestFirmPortal" name="test_signup_returns_token_and_pending_status" time="0.332" /><testcase classname="backend.tests.test_iter9_features.TestFirmPortal" name="test_login" time="0.345" /><testcase classname="backend.tests.test_iter9_features.TestFirmPortal" name="test_me_returns_recent_leads" time="0.104" /><testcase classname="backend.tests.test_iter9_features.TestFirmPortal" name="test_listing_update_403_until_approved" time="0.109" /><testcase classname="backend.tests.test_iter9_features.TestAdmin" name="test_non_admin_403" time="0.116" /><testcase classname="backend.tests.test_iter9_features.TestAdmin" name="test_admin_stats" time="0.543" /><testcase classname="backend.tests.test_iter9_features.TestAdmin" name="test_admin_firms_list" time="0.105" /><testcase classname="backend.tests.test_iter9_features.TestAdmin" name="test_admin_approve_flow" time="0.304" /><testcase classname="backend.tests.test_iter9_features.TestAdmin" name="test_admin_invalid_action" time="0.212" /><testcase classname="backend.tests.test_iter9_features.TestBackup" name="test_export_for_trial" time="0.111" /><testcase classname="backend.tests.test_iter9_features.TestBackup" name="test_export_402_for_free" time="0.119" /><testcase classname="backend.tests.test_iter9_features.TestReview" name="test_trial_running" time="0.118" /><testcase classname="backend.tests.test_iter9_features.TestReview" name="test_trial_ending_true" time="0.450" /><testcase classname="backend.tests.test_iter9_features.TestReview" name="test_paid_renewal_soon" time="0.829" /><testcase classname="backend.tests.test_iter9_features.TestReview" name="test_review_recorded_stops_prompt" time="0.666" /></testsuite></testsuites>