<?xml version="1.0" encoding="utf-8"?><testsuites name="pytest tests"><testsuite name="pytest" errors="0" failures="0" skipped="0" tests="13" time="48.284" timestamp="2026-05-22T16:49:53.034574+00:00" hostname="agent-env-99b5bebe-9f08-4692-ba1b-011288199bff"><testcase classname="backend.tests.test_iter18_recycle_bin.TestRecycleBinBaseline" name="test_recycle_bin_listing_works" time="0.597" /><testcase classname="backend.tests.test_iter18_recycle_bin.TestLegalFileSoftDeleteFlow" name="test_full_lifecycle" time="13.873" /><testcase classname="backend.tests.test_iter18_recycle_bin.TestLegalFileSoftDeleteFlow" name="test_unknown_kind_returns_400" time="0.083" /><testcase classname="backend.tests.test_iter18_recycle_bin.TestLegalFileSoftDeleteFlow" name="test_restore_nonexistent_returns_404" time="0.071" /><testcase classname="backend.tests.test_iter18_recycle_bin.TestCaseSoftDeleteCascade" name="test_case_delete_cascades_items" time="0.775" /><testcase classname="backend.tests.test_iter18_recycle_bin.TestCaseItemDelete" name="test_delete_case_item_decrements_count" time="0.652" /><testcase classname="backend.tests.test_iter18_recycle_bin.TestCaseUploadFile" name="test_upload_file_to_case" time="0.325" /><testcase classname="backend.tests.test_iter18_recycle_bin.TestCaseUploadFile" name="test_upload_to_unknown_case_returns_404" time="0.170" /><testcase classname="backend.tests.test_iter18_recycle_bin.TestSaveToVault" name="test_save_legal_file_to_vault_creates_row" time="14.733" /><testcase classname="backend.tests.test_iter18_recycle_bin.TestSaveToVault" name="test_save_to_vault_nonexistent_file_returns_404" time="0.070" /><testcase classname="backend.tests.test_iter18_recycle_bin.TestTimelineEndpoints" name="test_snapshot_creates_legal_file" time="0.275" /><testcase classname="backend.tests.test_iter18_recycle_bin.TestTimelineEndpoints" name="test_clear_timeline_soft_deletes_conversations_and_reminders" time="0.085" /><testcase classname="backend.tests.test_iter18_recycle_bin.TestEmptyRecycleBin" name="test_empty_bin_returns_purged_count" time="16.446" /></testsuite></testsuites>