<?xml version="1.0" encoding="utf-8"?><testsuites name="pytest tests"><testsuite name="pytest" errors="0" failures="0" skipped="0" tests="24" time="163.772" timestamp="2026-05-13T09:43:59.729850+00:00" hostname="agent-env-99b5bebe-9f08-4692-ba1b-011288199bff"><testcase classname="backend.tests.backend_test" name="test_no_auth_401" time="0.133" /><testcase classname="backend.tests.backend_test" name="test_evidence_analyze_no_auth" time="0.221" /><testcase classname="backend.tests.backend_test" name="test_lawfirms_inquiry_no_auth" time="0.105" /><testcase classname="backend.tests.backend_test" name="test_lawfirms_advertise_public_no_auth" time="0.110" /><testcase classname="backend.tests.backend_test" name="test_pdf_inline_no_auth" time="0.101" /><testcase classname="backend.tests.backend_test" name="test_pdf_file_no_auth" time="0.103" /><testcase classname="backend.tests.backend_test" name="test_letters_templates_public_31" time="0.102" /><testcase classname="backend.tests.backend_test" name="test_practice_no_auth_401" time="0.115" /><testcase classname="backend.tests.backend_test" name="test_live_assist_no_auth_401" time="0.147" /><testcase classname="backend.tests.backend_test" name="test_emergency_no_auth_401" time="0.104" /><testcase classname="backend.tests.backend_test" name="test_letters_generate_no_auth_401" time="0.114" /><testcase classname="backend.tests.backend_test" name="test_practice_police_uk_session_continuity" time="8.512" /><testcase classname="backend.tests.backend_test" name="test_practice_prosecutor" time="2.796" /><testcase classname="backend.tests.backend_test" name="test_practice_tribunal" time="3.552" /><testcase classname="backend.tests.backend_test" name="test_practice_unknown_role_400" time="0.171" /><testcase classname="backend.tests.backend_test" name="test_practice_multilingual_es" time="6.483" /><testcase classname="backend.tests.backend_test" name="test_live_assist_police_interview_short" time="3.054" /><testcase classname="backend.tests.backend_test" name="test_live_assist_tribunal" time="3.315" /><testcase classname="backend.tests.backend_test" name="test_emergency_rights_gb_pace" time="14.617" /><testcase classname="backend.tests.backend_test" name="test_emergency_rights_us_miranda" time="13.118" /><testcase classname="backend.tests.backend_test" name="test_letters_generate_deposit_return" time="36.224" /><testcase classname="backend.tests.backend_test" name="test_letters_generate_witness_statement" time="27.846" /><testcase classname="backend.tests.backend_test" name="test_letters_generate_unknown_template_400" time="0.284" /><testcase classname="backend.tests.backend_test" name="test_lex_chat_autodetect_spanish_reply" time="42.266" /></testsuite></testsuites>