<?xml version="1.0" encoding="utf-8"?><testsuites name="pytest tests"><testsuite name="pytest" errors="0" failures="0" skipped="0" tests="10" time="57.584" timestamp="2026-05-23T17:35:40.015719+00:00" hostname="agent-env-99b5bebe-9f08-4692-ba1b-011288199bff"><testcase classname="backend.tests.test_iter19_citations.TestSmoke" name="test_api_root_returns_app_metadata" time="0.294" /><testcase classname="backend.tests.test_iter19_citations.TestLexCitations" name="test_lex_chat_returns_citations_array" time="14.727" /><testcase classname="backend.tests.test_iter19_citations.TestLexCitations" name="test_lex_sessions_returns_citations_field" time="0.054" /><testcase classname="backend.tests.test_iter19_citations.TestEmergencyContactsFiltering" name="test_get_filters_malformed_contacts" time="0.105" /><testcase classname="backend.tests.test_iter19_citations.TestRecycleBinRegression" name="test_legal_file_full_lifecycle" time="12.046" /><testcase classname="backend.tests.test_iter19_citations.TestRecycleBinRegression" name="test_save_to_vault_creates_row" time="14.341" /><testcase classname="backend.tests.test_iter19_citations.TestRecycleBinRegression" name="test_empty_bin_endpoint" time="15.058" /><testcase classname="backend.tests.test_iter19_citations.TestCaseRegression" name="test_upload_file_and_delete_item_decrements_count" time="0.589" /><testcase classname="backend.tests.test_iter19_citations.TestTimelineRegression" name="test_snapshot_creates_legal_file" time="0.223" /><testcase classname="backend.tests.test_iter19_citations.TestTimelineRegression" name="test_clear_timeline_returns_counts" time="0.053" /></testsuite></testsuites>