<?xml version="1.0" encoding="utf-8"?><testsuites name="pytest tests"><testsuite name="pytest" errors="0" failures="0" skipped="0" tests="6" time="54.181" timestamp="2026-05-21T13:45:44.519780+00:00" hostname="agent-env-99b5bebe-9f08-4692-ba1b-011288199bff"><testcase classname="backend.tests.test_iter15_owner_voice.TestAdminOwner" name="test_admin_login_returns_owner_pro" time="0.525" /><testcase classname="backend.tests.test_iter15_owner_voice.TestAdminOwner" name="test_admin_can_deep_think" time="13.792" /><testcase classname="backend.tests.test_iter15_owner_voice.TestAdminOwner" name="test_admin_can_court_prep_category" time="34.451" /><testcase classname="backend.tests.test_iter15_owner_voice.TestNonAdminTier" name="test_signup_user_is_not_owner_and_not_pro" time="0.630" /><testcase classname="backend.tests.test_iter15_owner_voice.TestVoiceEndpoints" name="test_voice_transcribe_accepts_audio_multipart" time="1.109" /><testcase classname="backend.tests.test_iter15_owner_voice.TestVoiceEndpoints" name="test_lex_live_assist_returns_advice" time="3.608" /></testsuite></testsuites>