<?xml version="1.0" encoding="utf-8"?><testsuites name="pytest tests"><testsuite name="pytest" errors="0" failures="0" skipped="0" tests="14" time="99.014" timestamp="2026-06-01T19:07:49.233988+00:00" hostname="agent-env-99b5bebe-9f08-4692-ba1b-011288199bff"><testcase classname="backend.tests.test_iter23_phase4b.TestOCRFormScanner" name="test_ocr_with_simple_image_does_not_500" time="1.863" /><testcase classname="backend.tests.test_iter23_phase4b.TestCounterLadder" name="test_counter_ladder_returns_4_drafts" time="57.807" /><testcase classname="backend.tests.test_iter23_phase4b.TestTimelineSummary" name="test_timeline_summary_empty_case_returns_400" time="8.544" /><testcase classname="backend.tests.test_iter23_phase4b.TestWitnessFlow" name="test_witness_public_fetch_ready" time="0.400" /><testcase classname="backend.tests.test_iter23_phase4b.TestWitnessFlow" name="test_witness_public_fetch_invalid_token" time="0.111" /><testcase classname="backend.tests.test_iter23_phase4b.TestWitnessFlow" name="test_witness_submit_requires_statement_of_truth" time="0.136" /><testcase classname="backend.tests.test_iter23_phase4b.TestWitnessFlow" name="test_witness_submit_too_short" time="0.110" /><testcase classname="backend.tests.test_iter23_phase4b.TestWitnessFlow" name="test_witness_submit_success_and_single_use" time="0.872" /><testcase classname="backend.tests.test_iter23_phase4b.TestLegalLetterTone" name="test_legal_letter_with_tone_polite" time="10.192" /><testcase classname="backend.tests.test_iter23_phase4b.TestLegalLetterTone" name="test_legal_letter_without_tone_still_works" time="12.082" /><testcase classname="backend.tests.test_iter23_phase4b.TestCostEstimatePostcode" name="test_cost_estimate_with_ec1a_postcode_central_london" time="3.428" /><testcase classname="backend.tests.test_iter23_phase4b.TestCostEstimatePostcode" name="test_cost_estimate_without_postcode_regression" time="3.146" /><testcase classname="backend.tests.test_iter23_phase4b.TestRegression" name="test_health" time="0.117" /><testcase classname="backend.tests.test_iter23_phase4b.TestRegression" name="test_auth_me" time="0.115" /></testsuite></testsuites>