<?xml version="1.0" encoding="utf-8"?><testsuites name="pytest tests"><testsuite name="pytest" errors="0" failures="0" skipped="0" tests="40" time="134.456" timestamp="2026-06-01T19:43:30.794458+00:00" hostname="agent-env-99b5bebe-9f08-4692-ba1b-011288199bff"><testcase classname="backend.tests.test_iter24_evidence_invite.TestEvidenceInviteCreate" name="test_create_invite_returns_magic_link" time="0.701" /><testcase classname="backend.tests.test_iter24_evidence_invite.TestEvidenceInviteCreate" name="test_invite_unknown_case_returns_404" time="0.126" /><testcase classname="backend.tests.test_iter24_evidence_invite.TestEvidencePublicFetch" name="test_invalid_token_returns_404" time="0.111" /><testcase classname="backend.tests.test_iter24_evidence_invite.TestEvidencePublicFetch" name="test_valid_token_returns_ready" time="0.115" /><testcase classname="backend.tests.test_iter24_evidence_invite.TestEvidencePublicUpload" name="test_upload_success" time="0.318" /><testcase classname="backend.tests.test_iter24_evidence_invite.TestEvidencePublicUpload" name="test_upload_uploader_name_too_short" time="0.116" /><testcase classname="backend.tests.test_iter24_evidence_invite.TestEvidencePublicUpload" name="test_upload_bad_token_404" time="0.133" /><testcase classname="backend.tests.test_iter24_evidence_invite.TestEvidencePublicUpload" name="test_upload_oversize_returns_413" time="0.700" /><testcase classname="backend.tests.test_iter24_evidence_invite.TestEvidenceOwnerList" name="test_owner_list_returns_files_and_invites" time="0.119" /><testcase classname="backend.tests.test_iter24_evidence_invite.TestEvidenceDownload" name="test_owner_can_download_decrypted" time="0.119" /><testcase classname="backend.tests.test_iter24_evidence_invite.TestEvidenceDownload" name="test_cross_user_returns_404" time="0.102" /><testcase classname="backend.tests.test_iter24_evidence_invite.TestEvidenceClose" name="test_close_invite" time="0.113" /><testcase classname="backend.tests.test_iter24_evidence_invite.TestEvidenceClose" name="test_upload_after_close_returns_403" time="0.222" /><testcase classname="backend.tests.test_iter24_evidence_invite.TestEvidenceClose" name="test_public_fetch_shows_closed" time="0.103" /><testcase classname="backend.tests.test_iter24_evidence_invite.TestWitnessInviteRegression" name="test_witness_invite_endpoint_still_works" time="0.230" /><testcase classname="backend.tests.test_iter23_phase4b.TestOCRFormScanner" name="test_ocr_with_simple_image_does_not_500" time="1.813" /><testcase classname="backend.tests.test_iter23_phase4b.TestCounterLadder" name="test_counter_ladder_returns_4_drafts" time="49.922" /><testcase classname="backend.tests.test_iter23_phase4b.TestTimelineSummary" name="test_timeline_summary_empty_case_returns_400" time="10.170" /><testcase classname="backend.tests.test_iter23_phase4b.TestWitnessFlow" name="test_witness_public_fetch_ready" time="0.403" /><testcase classname="backend.tests.test_iter23_phase4b.TestWitnessFlow" name="test_witness_public_fetch_invalid_token" time="0.159" /><testcase classname="backend.tests.test_iter23_phase4b.TestWitnessFlow" name="test_witness_submit_requires_statement_of_truth" time="0.120" /><testcase classname="backend.tests.test_iter23_phase4b.TestWitnessFlow" name="test_witness_submit_too_short" time="0.106" /><testcase classname="backend.tests.test_iter23_phase4b.TestWitnessFlow" name="test_witness_submit_success_and_single_use" time="0.843" /><testcase classname="backend.tests.test_iter23_phase4b.TestLegalLetterTone" name="test_legal_letter_with_tone_polite" time="11.813" /><testcase classname="backend.tests.test_iter23_phase4b.TestLegalLetterTone" name="test_legal_letter_without_tone_still_works" time="14.452" /><testcase classname="backend.tests.test_iter23_phase4b.TestCostEstimatePostcode" name="test_cost_estimate_with_ec1a_postcode_central_london" time="2.959" /><testcase classname="backend.tests.test_iter23_phase4b.TestCostEstimatePostcode" name="test_cost_estimate_without_postcode_regression" time="2.511" /><testcase classname="backend.tests.test_iter23_phase4b.TestRegression" name="test_health" time="0.126" /><testcase classname="backend.tests.test_iter23_phase4b.TestRegression" name="test_auth_me" time="0.132" /><testcase classname="backend.tests.test_et1_autofill.TestET1Draft" name="test_draft_create_returns_structured_response" time="33.750" /><testcase classname="backend.tests.test_et1_autofill.TestET1Draft" name="test_draft_claim_types_relevant_to_maternity_dismissal" time="0.000" /><testcase classname="backend.tests.test_et1_autofill.TestET1Draft" name="test_get_draft_for_owner" time="0.257" /><testcase classname="backend.tests.test_et1_autofill.TestET1Draft" name="test_get_draft_other_user_forbidden" time="0.443" /><testcase classname="backend.tests.test_et1_autofill.TestET1Draft" name="test_get_draft_unauth" time="0.144" /><testcase classname="backend.tests.test_et1_autofill.TestET1Draft" name="test_update_draft_persists" time="0.269" /><testcase classname="backend.tests.test_et1_autofill.TestET1Draft" name="test_update_draft_other_user_forbidden" time="0.119" /><testcase classname="backend.tests.test_et1_autofill.TestET1Draft" name="test_pdf_download_returns_pdf" time="0.130" /><testcase classname="backend.tests.test_et1_autofill.TestET1Draft" name="test_pdf_other_user_forbidden" time="0.135" /><testcase classname="backend.tests.test_et1_autofill.TestET1Draft" name="test_get_missing_draft_404" time="0.102" /><testcase classname="backend.tests.test_et1_autofill.TestET1Draft" name="test_draft_requires_auth" time="0.132" /></testsuite></testsuites>