<?xml version="1.0" encoding="utf-8"?><testsuites name="pytest tests"><testsuite name="pytest" errors="0" failures="0" skipped="2" tests="10" time="15.530" timestamp="2026-05-22T08:49:39.534504+00:00" hostname="agent-env-99b5bebe-9f08-4692-ba1b-011288199bff"><testcase classname="backend.tests.test_iter16_translate.TestLanguagesEndpoint" name="test_languages_list" time="0.244" /><testcase classname="backend.tests.test_iter16_translate.TestTranslateIncoming" name="test_incoming_arabic_to_english" time="4.397" /><testcase classname="backend.tests.test_iter16_translate.TestTranslateOutgoing" name="test_outgoing_english_to_arabic" time="2.114" /><testcase classname="backend.tests.test_iter16_translate.TestTranslateGating" name="test_non_pro_user_gets_402" time="2.214"><skipped type="pytest.skip" message="fresh signup tier=trial_pro has live_assist access — cannot prove 402 path without a free user">/app/backend/tests/test_iter16_translate.py:145: fresh signup tier=trial_pro has live_assist access — cannot prove 402 path without a free user</skipped></testcase><testcase classname="backend.tests.test_iter16_translate.TestTranslateValidation" name="test_empty_text_400" time="0.122" /><testcase classname="backend.tests.test_iter16_translate.TestTranslateValidation" name="test_whitespace_text_400" time="0.124" /><testcase classname="backend.tests.test_iter16_translate.TestTranslateValidation" name="test_too_long_text_400" time="0.108" /><testcase classname="backend.tests.test_iter16_translate.TestTranslatePersistence" name="test_conversation_logged" time="2.424"><skipped type="pytest.skip" message="admin/stats does not expose conversation count — cannot verify persistence via API">/app/backend/tests/test_iter16_translate.py:193: admin/stats does not expose conversation count — cannot verify persistence via API</skipped></testcase><testcase classname="backend.tests.test_iter16_translate.TestTTSRegression" name="test_tts_audio_mpeg" time="1.164" /><testcase classname="backend.tests.test_iter16_translate.TestLiveAssistRegression" name="test_live_assist" time="2.539" /></testsuite></testsuites>