<?xml version="1.0" encoding="utf-8"?><testsuites name="pytest tests"><testsuite name="pytest" errors="0" failures="0" skipped="0" tests="6" time="72.545" timestamp="2026-05-21T05:18:40.699568+00:00" hostname="agent-env-99b5bebe-9f08-4692-ba1b-011288199bff"><testcase classname="backend.tests.test_iter14_rag_gpt5.TestSmoke" name="test_auth_providers" time="0.204" /><testcase classname="backend.tests.test_iter14_rag_gpt5.TestLexProRouting" name="test_pro_chat_uses_claude_sonnet" time="14.911" /><testcase classname="backend.tests.test_iter14_rag_gpt5.TestLexProRouting" name="test_pro_deep_think_chat" time="23.637" /><testcase classname="backend.tests.test_iter14_rag_gpt5.TestRagGracefulFallback" name="test_rag_empty_key_still_succeeds" time="15.893" /><testcase classname="backend.tests.test_iter14_rag_gpt5.TestRagGracefulFallback" name="test_rag_module_helpers" time="0.042" /><testcase classname="backend.tests.test_iter14_rag_gpt5.TestRagInvalidKeyFallback" name="test_chat_succeeds_when_tavily_returns_error" time="17.725" /></testsuite></testsuites>