<?xml version="1.0" encoding="utf-8"?><testsuites name="pytest tests"><testsuite name="pytest" errors="0" failures="1" skipped="0" tests="16" time="295.018" timestamp="2026-05-15T10:03:07.503982+00:00" hostname="agent-env-99b5bebe-9f08-4692-ba1b-011288199bff"><testcase classname="backend.tests.test_lex_routing.TestTierRouting" name="test_free_user_uses_haiku_or_falls_back" time="11.706" /><testcase classname="backend.tests.test_lex_routing.TestTierRouting" name="test_plus_user_uses_sonnet" time="24.300" /><testcase classname="backend.tests.test_lex_routing.TestTierRouting" name="test_pro_user_uses_sonnet" time="34.538" /><testcase classname="backend.tests.test_lex_routing.TestTierRouting" name="test_trial_user_uses_sonnet" time="25.438" /><testcase classname="backend.tests.test_lex_routing.TestDeepThink" name="test_free_user_deep_think_blocked_402" time="0.483" /><testcase classname="backend.tests.test_lex_routing.TestDeepThink" name="test_plus_user_deep_think_blocked_402" time="0.471" /><testcase classname="backend.tests.test_lex_routing.TestDeepThink" name="test_pro_user_deep_think_ok" time="11.869" /><testcase classname="backend.tests.test_lex_routing.TestAutoDetect" name="test_spanish_in_english_ui_detects_es" time="36.833" /><testcase classname="backend.tests.test_lex_routing.TestAutoDetect" name="test_french_in_english_ui_detects_fr" time="20.142"><failure message="AssertionError: assert 'es-ES' == 'fr-FR'&#10;  &#10;  - fr-FR&#10;  + es-ES">E   AssertionError: assert 'es-ES' == 'fr-FR'
      
      - fr-FR
      + es-ES</failure></testcase><testcase classname="backend.tests.test_lex_routing.TestAutoDetect" name="test_arabic_detected" time="34.316" /><testcase classname="backend.tests.test_lex_routing.TestAutoDetect" name="test_hindi_devanagari_detected" time="31.890" /><testcase classname="backend.tests.test_lex_routing.TestAutoDetect" name="test_chinese_cjk_detected" time="36.242" /><testcase classname="backend.tests.test_lex_routing.TestAutoDetect" name="test_auto_detect_off_preserves_ui_language" time="9.172" /><testcase classname="backend.tests.test_lex_routing.TestTTS" name="test_short_tts_free_user_ok" time="1.819" /><testcase classname="backend.tests.test_lex_routing.TestTTS" name="test_long_tts_free_user_blocked_402" time="0.491" /><testcase classname="backend.tests.test_lex_routing.TestEmergencyRights" name="test_emergency_rights_free_user_ok" time="15.159" /></testsuite></testsuites>