<?xml version="1.0" encoding="utf-8"?><testsuites name="pytest tests"><testsuite name="pytest" errors="0" failures="0" skipped="0" tests="52" time="76.495" timestamp="2026-05-10T15:49:08.327657+00:00" hostname="agent-env-99b5bebe-9f08-4692-ba1b-011288199bff"><testcase classname="backend.tests.backend_test" name="test_root" time="0.213" /><testcase classname="backend.tests.backend_test" name="test_languages" time="0.139" /><testcase classname="backend.tests.backend_test" name="test_signup" time="0.367" /><testcase classname="backend.tests.backend_test" name="test_signup_dup" time="0.110" /><testcase classname="backend.tests.backend_test" name="test_login_ok" time="0.369" /><testcase classname="backend.tests.backend_test" name="test_login_bad" time="0.362" /><testcase classname="backend.tests.backend_test" name="test_google" time="0.113" /><testcase classname="backend.tests.backend_test" name="test_me" time="0.157" /><testcase classname="backend.tests.backend_test" name="test_no_auth_401" time="0.103" /><testcase classname="backend.tests.backend_test" name="test_bad_token" time="0.152" /><testcase classname="backend.tests.backend_test" name="test_prefs" time="0.100" /><testcase classname="backend.tests.backend_test" name="test_lex_chat" time="4.776" /><testcase classname="backend.tests.backend_test" name="test_lex_chat_category" time="11.436" /><testcase classname="backend.tests.backend_test" name="test_lex_sessions" time="0.176" /><testcase classname="backend.tests.backend_test" name="test_lex_session_detail" time="0.109" /><testcase classname="backend.tests.backend_test" name="test_legal_letter" time="15.185" /><testcase classname="backend.tests.backend_test" name="test_tts" time="1.842" /><testcase classname="backend.tests.backend_test" name="test_transcribe" time="1.204" /><testcase classname="backend.tests.backend_test" name="test_legal_files_list" time="0.113" /><testcase classname="backend.tests.backend_test" name="test_contract_analyze" time="13.180" /><testcase classname="backend.tests.backend_test" name="test_sub_status" time="0.122" /><testcase classname="backend.tests.backend_test" name="test_checkout" time="0.362" /><testcase classname="backend.tests.backend_test" name="test_activate_test" time="0.142" /><testcase classname="backend.tests.backend_test" name="test_trial_gating" time="0.551" /><testcase classname="backend.tests.backend_test" name="test_evidence_analyze_no_auth" time="0.155" /><testcase classname="backend.tests.backend_test" name="test_evidence_analyze_ok" time="13.118" /><testcase classname="backend.tests.backend_test" name="test_evidence_analyze_persisted_in_legal_files" time="0.173" /><testcase classname="backend.tests.backend_test" name="test_evidence_analyze_402_when_trial_expired" time="0.460" /><testcase classname="backend.tests.backend_test" name="test_prefs_location_enable" time="0.110" /><testcase classname="backend.tests.backend_test" name="test_prefs_location_persists_via_me" time="0.116" /><testcase classname="backend.tests.backend_test" name="test_prefs_location_disable_keeps_false" time="0.276" /><testcase classname="backend.tests.backend_test" name="test_lawfirms_list" time="0.115" /><testcase classname="backend.tests.backend_test" name="test_lawfirms_filter_country_gb" time="0.144" /><testcase classname="backend.tests.backend_test" name="test_lawfirms_filter_specialty_employment" time="0.107" /><testcase classname="backend.tests.backend_test" name="test_lawfirms_geo_sort_with_distance" time="0.123" /><testcase classname="backend.tests.backend_test" name="test_lawfirms_geo_max_km" time="0.105" /><testcase classname="backend.tests.backend_test" name="test_lawfirms_inquiry_no_auth" time="0.127" /><testcase classname="backend.tests.backend_test" name="test_lawfirms_inquiry_ok" time="0.106" /><testcase classname="backend.tests.backend_test" name="test_lawfirms_inquiry_invalid_firm_id" time="0.108" /><testcase classname="backend.tests.backend_test" name="test_lawfirms_advertise_public_no_auth" time="0.160" /><testcase classname="backend.tests.backend_test" name="test_lawfirms_advertise_persisted" time="0.003" /><testcase classname="backend.tests.backend_test" name="test_lawfirms_advertise_validation_error" time="0.107" /><testcase classname="backend.tests.backend_test" name="test_pdf_inline_no_auth" time="0.105" /><testcase classname="backend.tests.backend_test" name="test_pdf_inline_ok" time="0.219" /><testcase classname="backend.tests.backend_test" name="test_pdf_inline_minimal_no_optional" time="0.243" /><testcase classname="backend.tests.backend_test" name="test_pdf_inline_validation_missing_fields" time="0.146" /><testcase classname="backend.tests.backend_test" name="test_pdf_file_letter_create_and_download" time="7.451" /><testcase classname="backend.tests.backend_test" name="test_pdf_file_no_auth" time="0.148" /><testcase classname="backend.tests.backend_test" name="test_pdf_file_404_nonexistent" time="0.109" /><testcase classname="backend.tests.backend_test" name="test_pdf_file_evidence" time="0.232" /><testcase classname="backend.tests.backend_test" name="test_pdf_file_recording" time="0.227" /><testcase classname="backend.tests.backend_test" name="test_pdf_file_cross_user_404" time="0.468" /></testsuite></testsuites>