<?xml version="1.0" encoding="utf-8"?><testsuites name="pytest tests"><testsuite name="pytest" errors="0" failures="0" skipped="0" tests="9" time="161.288" timestamp="2026-05-17T06:04:00.730171+00:00" hostname="agent-env-99b5bebe-9f08-4692-ba1b-011288199bff"><testcase classname="backend.tests.test_iter12_contracts.TestContractNegotiate" name="test_negotiate_no_auth_401" time="0.144" /><testcase classname="backend.tests.test_iter12_contracts.TestContractNegotiate" name="test_negotiate_free_tier_402" time="0.446" /><testcase classname="backend.tests.test_iter12_contracts.TestContractNegotiate" name="test_negotiate_pro_tier_success" time="58.163" /><testcase classname="backend.tests.test_iter12_contracts.TestContractAnalyze" name="test_analyze_pro_tier_success" time="31.593" /><testcase classname="backend.tests.test_iter12_contracts.TestContractDraft" name="test_draft_free_tier_402" time="0.169" /><testcase classname="backend.tests.test_iter12_contracts.TestContractDraft" name="test_draft_pro_tier_success" time="51.649" /><testcase classname="backend.tests.test_iter12_contracts.TestOutcomePredict" name="test_outcome_free_tier_402" time="0.060" /><testcase classname="backend.tests.test_iter12_contracts.TestOutcomePredict" name="test_outcome_pro_tier_success" time="18.918" /><testcase classname="backend.tests.test_iter12_contracts.TestHearingTranscribeGate" name="test_hearing_free_tier_402" time="0.053" /></testsuite></testsuites>