<?xml version="1.0" encoding="utf-8"?><testsuites name="pytest tests"><testsuite name="pytest" errors="0" failures="0" skipped="0" tests="16" time="226.606" timestamp="2026-05-15T10:24:55.396355+00:00" hostname="agent-env-99b5bebe-9f08-4692-ba1b-011288199bff"><testcase classname="backend.tests.test_lex_routing.TestTierRouting" name="test_free_user_uses_haiku_or_falls_back" time="5.302" /><testcase classname="backend.tests.test_lex_routing.TestTierRouting" name="test_plus_user_uses_sonnet" time="21.196" /><testcase classname="backend.tests.test_lex_routing.TestTierRouting" name="test_pro_user_uses_sonnet" time="17.010" /><testcase classname="backend.tests.test_lex_routing.TestTierRouting" name="test_trial_user_uses_sonnet" time="21.789" /><testcase classname="backend.tests.test_lex_routing.TestDeepThink" name="test_free_user_deep_think_blocked_402" time="0.575" /><testcase classname="backend.tests.test_lex_routing.TestDeepThink" name="test_plus_user_deep_think_blocked_402" time="0.444" /><testcase classname="backend.tests.test_lex_routing.TestDeepThink" name="test_pro_user_deep_think_ok" time="10.603" /><testcase classname="backend.tests.test_lex_routing.TestAutoDetect" name="test_spanish_in_english_ui_detects_es" time="25.755" /><testcase classname="backend.tests.test_lex_routing.TestAutoDetect" name="test_french_in_english_ui_detects_fr" time="24.862" /><testcase classname="backend.tests.test_lex_routing.TestAutoDetect" name="test_arabic_detected" time="19.791" /><testcase classname="backend.tests.test_lex_routing.TestAutoDetect" name="test_hindi_devanagari_detected" time="24.462" /><testcase classname="backend.tests.test_lex_routing.TestAutoDetect" name="test_chinese_cjk_detected" time="31.596" /><testcase classname="backend.tests.test_lex_routing.TestAutoDetect" name="test_auto_detect_off_preserves_ui_language" time="6.536" /><testcase classname="backend.tests.test_lex_routing.TestTTS" name="test_short_tts_free_user_ok" time="1.595" /><testcase classname="backend.tests.test_lex_routing.TestTTS" name="test_long_tts_free_user_blocked_402" time="0.446" /><testcase classname="backend.tests.test_lex_routing.TestEmergencyRights" name="test_emergency_rights_free_user_ok" time="14.503" /></testsuite></testsuites>