<?xml version="1.0" encoding="utf-8"?><testsuites name="pytest tests"><testsuite name="pytest" errors="0" failures="0" skipped="0" tests="8" time="4.951" timestamp="2026-05-24T21:26:39.232459+00:00" hostname="agent-env-99b5bebe-9f08-4692-ba1b-011288199bff"><testcase classname="backend.tests.test_iter20_topups.TestTopupPacksCatalog" name="test_list_packs_returns_4" time="3.268" /><testcase classname="backend.tests.test_iter20_topups.TestTopupPacksCatalog" name="test_pack_prices_and_grants" time="0.112" /><testcase classname="backend.tests.test_iter20_topups.TestTopupPacksCatalog" name="test_active_is_none_for_fresh_user" time="0.131" /><testcase classname="backend.tests.test_iter20_topups.TestTopupCheckout" name="test_unconfigured_pack_returns_503" time="0.202" /><testcase classname="backend.tests.test_iter20_topups.TestTopupCheckout" name="test_bogus_pack_returns_400" time="0.115" /><testcase classname="backend.tests.test_iter20_topups.TestTopupCheckout" name="test_no_auth_returns_401_or_403" time="0.144" /><testcase classname="backend.tests.test_iter20_topups.TestTopupWebhook" name="test_webhook_route_exists_rejects_bad_sig" time="0.182" /><testcase classname="backend.tests.test_iter20_topups.TestAdminCompGrant" name="test_comp_test_user_then_me_shows_comp" time="0.601" /></testsuite></testsuites>