<?xml version="1.0" encoding="utf-8"?><testsuites name="pytest tests"><testsuite name="pytest" errors="0" failures="0" skipped="0" tests="6" time="2.899" timestamp="2026-06-05T08:23:29.048873+00:00" hostname="agent-env-99b5bebe-9f08-4692-ba1b-011288199bff"><testcase classname="backend.tests.test_iter25_privacy_and_stripe_audit.TestPrivacyDeleteAnalytics" name="test_unauth_rejected" time="0.261" /><testcase classname="backend.tests.test_iter25_privacy_and_stripe_audit.TestPrivacyDeleteAnalytics" name="test_authed_returns_expected_shape" time="0.429" /><testcase classname="backend.tests.test_iter25_privacy_and_stripe_audit.TestPrivacyDeleteAnalytics" name="test_idempotent_second_call" time="0.049" /><testcase classname="backend.tests.test_iter25_privacy_and_stripe_audit.TestStripePriceAudit" name="test_unauth_rejected" time="0.046" /><testcase classname="backend.tests.test_iter25_privacy_and_stripe_audit.TestStripePriceAudit" name="test_non_admin_rejected" time="0.219" /><testcase classname="backend.tests.test_iter25_privacy_and_stripe_audit.TestStripePriceAudit" name="test_admin_returns_full_audit" time="1.819" /></testsuite></testsuites>