<?xml version="1.0" encoding="utf-8"?><testsuites name="pytest tests"><testsuite name="pytest" errors="0" failures="4" skipped="0" tests="85" time="260.564" timestamp="2026-05-13T09:46:50.519776+00:00" hostname="agent-env-99b5bebe-9f08-4692-ba1b-011288199bff"><testcase classname="backend.tests.backend_test" name="test_root" time="0.158" /><testcase classname="backend.tests.backend_test" name="test_languages" time="0.102" /><testcase classname="backend.tests.backend_test" name="test_signup" time="0.483" /><testcase classname="backend.tests.backend_test" name="test_signup_dup" time="0.120" /><testcase classname="backend.tests.backend_test" name="test_login_ok" time="0.324" /><testcase classname="backend.tests.backend_test" name="test_login_bad" time="0.336" /><testcase classname="backend.tests.backend_test" name="test_google" time="0.166" /><testcase classname="backend.tests.backend_test" name="test_me" time="0.108" /><testcase classname="backend.tests.backend_test" name="test_no_auth_401" time="0.112" /><testcase classname="backend.tests.backend_test" name="test_bad_token" time="0.127" /><testcase classname="backend.tests.backend_test" name="test_prefs" time="0.138" /><testcase classname="backend.tests.backend_test" name="test_lex_chat" time="6.386" /><testcase classname="backend.tests.backend_test" name="test_lex_chat_category" time="12.004" /><testcase classname="backend.tests.backend_test" name="test_lex_sessions" time="0.143" /><testcase classname="backend.tests.backend_test" name="test_lex_session_detail" time="0.140" /><testcase classname="backend.tests.backend_test" name="test_legal_letter" time="17.858" /><testcase classname="backend.tests.backend_test" name="test_tts" time="1.398" /><testcase classname="backend.tests.backend_test" name="test_transcribe" time="1.158" /><testcase classname="backend.tests.backend_test" name="test_legal_files_list" time="0.164" /><testcase classname="backend.tests.backend_test" name="test_contract_analyze" time="10.833" /><testcase classname="backend.tests.backend_test" name="test_sub_status" time="0.126" /><testcase classname="backend.tests.backend_test" name="test_checkout" time="0.523" /><testcase classname="backend.tests.backend_test" name="test_activate_test" time="0.104" /><testcase classname="backend.tests.backend_test" name="test_trial_gating" time="0.692" /><testcase classname="backend.tests.backend_test" name="test_evidence_analyze_no_auth" time="0.166" /><testcase classname="backend.tests.backend_test" name="test_evidence_analyze_ok" time="13.563" /><testcase classname="backend.tests.backend_test" name="test_evidence_analyze_persisted_in_legal_files" time="0.131" /><testcase classname="backend.tests.backend_test" name="test_evidence_analyze_402_when_trial_expired" time="0.515" /><testcase classname="backend.tests.backend_test" name="test_prefs_location_enable" time="0.097" /><testcase classname="backend.tests.backend_test" name="test_prefs_location_persists_via_me" time="0.101" /><testcase classname="backend.tests.backend_test" name="test_prefs_location_disable_keeps_false" time="0.244" /><testcase classname="backend.tests.backend_test" name="test_lawfirms_list" time="0.123" /><testcase classname="backend.tests.backend_test" name="test_lawfirms_filter_country_gb" time="0.506" /><testcase classname="backend.tests.backend_test" name="test_lawfirms_filter_specialty_employment" time="0.146" /><testcase classname="backend.tests.backend_test" name="test_lawfirms_geo_sort_with_distance" time="0.107" /><testcase classname="backend.tests.backend_test" name="test_lawfirms_geo_max_km" time="0.123" /><testcase classname="backend.tests.backend_test" name="test_lawfirms_inquiry_no_auth" time="0.107" /><testcase classname="backend.tests.backend_test" name="test_lawfirms_inquiry_ok" time="0.152" /><testcase classname="backend.tests.backend_test" name="test_lawfirms_inquiry_invalid_firm_id" time="0.102" /><testcase classname="backend.tests.backend_test" name="test_lawfirms_advertise_public_no_auth" time="0.112" /><testcase classname="backend.tests.backend_test" name="test_lawfirms_advertise_persisted" time="0.005" /><testcase classname="backend.tests.backend_test" name="test_lawfirms_advertise_validation_error" time="0.146" /><testcase classname="backend.tests.backend_test" name="test_pdf_inline_no_auth" time="0.105" /><testcase classname="backend.tests.backend_test" name="test_pdf_inline_ok" time="0.329" /><testcase classname="backend.tests.backend_test" name="test_pdf_inline_minimal_no_optional" time="0.218" /><testcase classname="backend.tests.backend_test" name="test_pdf_inline_validation_missing_fields" time="0.103" /><testcase classname="backend.tests.backend_test" name="test_pdf_file_letter_create_and_download" time="10.807" /><testcase classname="backend.tests.backend_test" name="test_pdf_file_no_auth" time="0.100" /><testcase classname="backend.tests.backend_test" name="test_pdf_file_404_nonexistent" time="0.123" /><testcase classname="backend.tests.backend_test" name="test_pdf_file_evidence" time="0.286" /><testcase classname="backend.tests.backend_test" name="test_pdf_file_recording" time="0.266" /><testcase classname="backend.tests.backend_test" name="test_pdf_file_cross_user_404" time="0.442" /><testcase classname="backend.tests.backend_test" name="test_auth_providers_shape_and_disabled_state" time="0.103"><failure message="assert True is False">backend/tests/backend_test.py:580: in test_auth_providers_shape_and_disabled_state
    assert j["apple_enabled"] is False
E   assert True is False</failure></testcase><testcase classname="backend.tests.backend_test" name="test_google_credential_only_without_client_id_returns_400" time="0.107" /><testcase classname="backend.tests.backend_test" name="test_google_demo_legacy_payload_still_works" time="0.115"><failure message="AssertionError: assert 'g4_d0ffcd4c@advocate.app' == 'g4_d5fa6877@advocate.app'&#10;  &#10;  - g4_d5fa6877@advocate.app&#10;  ?     ^ ^^^^^&#10;  + g4_d0ffcd4c@advocate.app&#10;  ?     ^ ^^^^^">backend/tests/backend_test.py:602: in test_google_demo_legacy_payload_still_works
    assert j["user"]["email"] == em
E   AssertionError: assert 'g4_d0ffcd4c@advocate.app' == 'g4_d5fa6877@advocate.app'
E     
E     - g4_d5fa6877@advocate.app
E     ?     ^ ^^^^^
E     + g4_d0ffcd4c@advocate.app
E     ?     ^ ^^^^^</failure></testcase><testcase classname="backend.tests.backend_test" name="test_google_no_payload_returns_400" time="0.144" /><testcase classname="backend.tests.backend_test" name="test_apple_returns_503_when_not_configured" time="0.106"><failure message="AssertionError: {&quot;detail&quot;:&quot;Invalid Apple token: Invalid header string: 'utf-8' codec can't decode byte 0x87 in position 1: invalid start byte&quot;}&#10;assert 401 == 503&#10; +  where 401 = &lt;Response [401]&gt;.status_code">backend/tests/backend_test.py:615: in test_apple_returns_503_when_not_configured
    assert r.status_code == 503, r.text
E   AssertionError: {"detail":"Invalid Apple token: Invalid header string: 'utf-8' codec can't decode byte 0x87 in position 1: invalid start byte"}
E   assert 401 == 503
E    +  where 401 = &lt;Response [401]&gt;.status_code</failure></testcase><testcase classname="backend.tests.backend_test" name="test_apple_validation_missing_token" time="0.116" /><testcase classname="backend.tests.backend_test" name="test_stripe_webhook_accepts_unsigned_when_secret_empty" time="0.102" /><testcase classname="backend.tests.backend_test" name="test_stripe_webhook_checkout_completed_activates_user" time="0.109" /><testcase classname="backend.tests.backend_test" name="test_stripe_webhook_subscription_deleted_cancels_user" time="0.119" /><testcase classname="backend.tests.backend_test" name="test_pdf_inline_lang_en_GB" time="0.239" /><testcase classname="backend.tests.backend_test" name="test_pdf_inline_lang_ar_IQ_arabic_body" time="0.228" /><testcase classname="backend.tests.backend_test" name="test_pdf_inline_lang_ur_PK_urdu_body" time="0.239" /><testcase classname="backend.tests.backend_test" name="test_pdf_inline_lang_zh_CN_chinese_body" time="0.229" /><testcase classname="backend.tests.backend_test" name="test_pdf_inline_lang_hi_IN_hindi_body" time="0.221" /><testcase classname="backend.tests.backend_test" name="test_pdf_inline_branded_footer_present_in_bytes" time="0.237" /><testcase classname="backend.tests.backend_test" name="test_letters_templates_public_31" time="0.105" /><testcase classname="backend.tests.backend_test" name="test_practice_no_auth_401" time="0.104" /><testcase classname="backend.tests.backend_test" name="test_live_assist_no_auth_401" time="0.122" /><testcase classname="backend.tests.backend_test" name="test_emergency_no_auth_401" time="0.134" /><testcase classname="backend.tests.backend_test" name="test_letters_generate_no_auth_401" time="0.105" /><testcase classname="backend.tests.backend_test" name="test_practice_police_uk_session_continuity" time="8.714" /><testcase classname="backend.tests.backend_test" name="test_practice_prosecutor" time="2.670" /><testcase classname="backend.tests.backend_test" name="test_practice_tribunal" time="2.376" /><testcase classname="backend.tests.backend_test" name="test_practice_unknown_role_400" time="0.165" /><testcase classname="backend.tests.backend_test" name="test_practice_multilingual_es" time="6.479" /><testcase classname="backend.tests.backend_test" name="test_live_assist_police_interview_short" time="3.934" /><testcase classname="backend.tests.backend_test" name="test_live_assist_tribunal" time="0.342"><failure message="AssertionError: {&quot;detail&quot;:&quot;AI error: Failed to generate chat completion: litellm.BadRequestError: OpenAIException - Budget has been exceeded! Current cost: 0.3138202000000001, Max budget: 0.3069352400000001&quot;}&#10;assert 500 == 200&#10; +  where 500 = &lt;Response [500]&gt;.status_code">backend/tests/backend_test.py:865: in test_live_assist_tribunal
    assert r.status_code == 200, r.text
E   AssertionError: {"detail":"AI error: Failed to generate chat completion: litellm.BadRequestError: OpenAIException - Budget has been exceeded! Current cost: 0.3138202000000001, Max budget: 0.3069352400000001"}
E   assert 500 == 200
E    +  where 500 = &lt;Response [500]&gt;.status_code</failure></testcase><testcase classname="backend.tests.backend_test" name="test_emergency_rights_gb_pace" time="13.910" /><testcase classname="backend.tests.backend_test" name="test_emergency_rights_us_miranda" time="11.383" /><testcase classname="backend.tests.backend_test" name="test_letters_generate_deposit_return" time="36.661" /><testcase classname="backend.tests.backend_test" name="test_letters_generate_witness_statement" time="37.078" /><testcase classname="backend.tests.backend_test" name="test_letters_generate_unknown_template_400" time="0.173" /><testcase classname="backend.tests.backend_test" name="test_lex_chat_autodetect_spanish_reply" time="50.517" /></testsuite></testsuites>