<?xml version="1.0" encoding="utf-8"?><testsuites name="pytest tests"><testsuite name="pytest" errors="0" failures="0" skipped="0" tests="6" time="165.346" timestamp="2026-05-15T10:29:17.285913+00:00" hostname="agent-env-99b5bebe-9f08-4692-ba1b-011288199bff"><testcase classname="backend.tests.test_lang_extra.TestExtraLanguages" name="test_german_detected" time="8.017" /><testcase classname="backend.tests.test_lang_extra.TestExtraLanguages" name="test_italian_detected" time="22.956" /><testcase classname="backend.tests.test_lang_extra.TestExtraLanguages" name="test_portuguese_detected" time="51.762" /><testcase classname="backend.tests.test_lang_extra.TestExtraLanguages" name="test_polish_detected" time="17.784" /><testcase classname="backend.tests.test_lang_extra.TestExtraLanguages" name="test_spanish_la_does_not_overlap_french" time="51.727" /><testcase classname="backend.tests.test_lang_extra.TestExtraLanguages" name="test_french_la_does_not_overlap_spanish" time="12.972" /></testsuite></testsuites>