<?xml version="1.0" encoding="utf-8"?><testsuites name="pytest tests"><testsuite name="pytest" errors="0" failures="0" skipped="1" tests="13" time="2.717" timestamp="2026-05-22T09:51:48.664401+00:00" hostname="agent-env-99b5bebe-9f08-4692-ba1b-011288199bff"><testcase classname="backend.tests.test_iter17_emergency.TestEmbassy" name="test_lookup_iq" time="0.122" /><testcase classname="backend.tests.test_iter17_emergency.TestEmbassy" name="test_lookup_unknown_country_returns_fcdo_fallback" time="0.105" /><testcase classname="backend.tests.test_iter17_emergency.TestEmbassy" name="test_embassy_all_returns_25" time="0.100" /><testcase classname="backend.tests.test_iter17_emergency.TestEmergencyContacts" name="test_get_contacts_admin" time="0.906" /><testcase classname="backend.tests.test_iter17_emergency.TestEmergencyContacts" name="test_round_trip_persists_all_fields" time="0.266" /><testcase classname="backend.tests.test_iter17_emergency.TestEmergencyContacts" name="test_free_tier_blocked_for_lawyer_standby" time="0.429"><skipped type="pytest.skip" message="fresh user tier=trial_pro has live_assist; 402 path unreachable">/app/backend/tests/test_iter17_emergency.py:126: fresh user tier=trial_pro has live_assist; 402 path unreachable</skipped></testcase><testcase classname="backend.tests.test_iter17_emergency.TestEmergencyContacts" name="test_free_tier_contacts_only_saves" time="0.096" /><testcase classname="backend.tests.test_iter17_emergency.TestWatchToken" name="test_generate_watch_token" time="0.100" /><testcase classname="backend.tests.test_iter17_emergency.TestSilentSOS" name="test_get_silent_sos_with_watch_token" time="0.098" /><testcase classname="backend.tests.test_iter17_emergency.TestSilentSOS" name="test_post_silent_sos_with_jwt" time="0.101" /><testcase classname="backend.tests.test_iter17_emergency.TestSilentSOS" name="test_sos_history_returns_events" time="0.101" /><testcase classname="backend.tests.test_iter17_emergency.TestSilentSOS" name="test_silent_sos_no_auth_rejected" time="0.104" /><testcase classname="backend.tests.test_iter17_emergency.TestLawfirmsGeo" name="test_lawfirms_geo_sorts_by_distance" time="0.097" /></testsuite></testsuites>