<?xml version="1.0" encoding="utf-8"?><testsuites name="pytest tests"><testsuite name="pytest" errors="0" failures="0" skipped="0" tests="6" time="5.300" timestamp="2026-06-06T19:45:16.939502+00:00" hostname="agent-env-99b5bebe-9f08-4692-ba1b-011288199bff"><testcase classname="backend.tests.test_iter26_lex_doc_upload" name="test_01_upload_contract_pdf_free_tier" time="0.895" /><testcase classname="backend.tests.test_iter26_lex_doc_upload" name="test_02_daily_quota_blocks_second_upload" time="0.110" /><testcase classname="backend.tests.test_iter26_lex_doc_upload" name="test_03_page_cap_blocks_large_pdf" time="0.444" /><testcase classname="backend.tests.test_iter26_lex_doc_upload" name="test_04_upload_unauthenticated" time="0.116" /><testcase classname="backend.tests.test_iter26_lex_doc_upload" name="test_05_cross_user_get_404" time="1.286" /><testcase classname="backend.tests.test_iter26_lex_doc_upload" name="test_06_chat_uses_attached_doc_context" time="2.278" /></testsuite></testsuites>