<?xml version="1.0" encoding="utf-8"?><testsuites name="pytest tests"><testsuite name="pytest" errors="0" failures="0" skipped="0" tests="42" time="68.972" timestamp="2026-05-10T14:14:45.156913+00:00" hostname="agent-env-99b5bebe-9f08-4692-ba1b-011288199bff"><testcase classname="tests.backend_test" name="test_root" time="0.315" /><testcase classname="tests.backend_test" name="test_languages" time="0.143" /><testcase classname="tests.backend_test" name="test_signup" time="0.369" /><testcase classname="tests.backend_test" name="test_signup_dup" time="0.139" /><testcase classname="tests.backend_test" name="test_login_ok" time="0.366" /><testcase classname="tests.backend_test" name="test_login_bad" time="0.328" /><testcase classname="tests.backend_test" name="test_google" time="0.170" /><testcase classname="tests.backend_test" name="test_me" time="0.139" /><testcase classname="tests.backend_test" name="test_no_auth_401" time="0.103" /><testcase classname="tests.backend_test" name="test_bad_token" time="0.099" /><testcase classname="tests.backend_test" name="test_prefs" time="0.108" /><testcase classname="tests.backend_test" name="test_lex_chat" time="5.762" /><testcase classname="tests.backend_test" name="test_lex_chat_category" time="9.997" /><testcase classname="tests.backend_test" name="test_lex_sessions" time="0.133" /><testcase classname="tests.backend_test" name="test_lex_session_detail" time="0.145" /><testcase classname="tests.backend_test" name="test_legal_letter" time="16.868" /><testcase classname="tests.backend_test" name="test_tts" time="0.957" /><testcase classname="tests.backend_test" name="test_transcribe" time="1.154" /><testcase classname="tests.backend_test" name="test_legal_files_list" time="0.123" /><testcase classname="tests.backend_test" name="test_contract_analyze" time="14.027" /><testcase classname="tests.backend_test" name="test_sub_status" time="0.136" /><testcase classname="tests.backend_test" name="test_checkout" time="0.324" /><testcase classname="tests.backend_test" name="test_activate_test" time="0.178" /><testcase classname="tests.backend_test" name="test_trial_gating" time="0.543" /><testcase classname="tests.backend_test" name="test_evidence_analyze_no_auth" time="0.162" /><testcase classname="tests.backend_test" name="test_evidence_analyze_ok" time="13.895" /><testcase classname="tests.backend_test" name="test_evidence_analyze_persisted_in_legal_files" time="0.149" /><testcase classname="tests.backend_test" name="test_evidence_analyze_402_when_trial_expired" time="0.442" /><testcase classname="tests.backend_test" name="test_prefs_location_enable" time="0.107" /><testcase classname="tests.backend_test" name="test_prefs_location_persists_via_me" time="0.102" /><testcase classname="tests.backend_test" name="test_prefs_location_disable_keeps_false" time="0.209" /><testcase classname="tests.backend_test" name="test_lawfirms_list" time="0.100" /><testcase classname="tests.backend_test" name="test_lawfirms_filter_country_gb" time="0.114" /><testcase classname="tests.backend_test" name="test_lawfirms_filter_specialty_employment" time="0.099" /><testcase classname="tests.backend_test" name="test_lawfirms_geo_sort_with_distance" time="0.103" /><testcase classname="tests.backend_test" name="test_lawfirms_geo_max_km" time="0.165" /><testcase classname="tests.backend_test" name="test_lawfirms_inquiry_no_auth" time="0.104" /><testcase classname="tests.backend_test" name="test_lawfirms_inquiry_ok" time="0.130" /><testcase classname="tests.backend_test" name="test_lawfirms_inquiry_invalid_firm_id" time="0.110" /><testcase classname="tests.backend_test" name="test_lawfirms_advertise_public_no_auth" time="0.116" /><testcase classname="tests.backend_test" name="test_lawfirms_advertise_persisted" time="0.003" /><testcase classname="tests.backend_test" name="test_lawfirms_advertise_validation_error" time="0.102" /></testsuite></testsuites>