<?xml version="1.0" encoding="utf-8"?><testsuites name="pytest tests"><testsuite name="pytest" errors="0" failures="1" skipped="0" tests="23" time="161.798" timestamp="2026-05-14T15:24:42.918806+00:00" hostname="agent-env-99b5bebe-9f08-4692-ba1b-011288199bff"><testcase classname="backend.tests.test_subscriptions" name="test_tiers_endpoint_shape" time="0.270" /><testcase classname="backend.tests.test_subscriptions" name="test_signup_grants_trial_pro" time="0.349" /><testcase classname="backend.tests.test_subscriptions" name="test_me_returns_trial_pro_fields" time="0.540" /><testcase classname="backend.tests.test_subscriptions" name="test_checkout_plus_returns_stripe_url" time="1.010" /><testcase classname="backend.tests.test_subscriptions" name="test_checkout_pro_returns_stripe_url" time="0.836" /><testcase classname="backend.tests.test_subscriptions" name="test_checkout_yearly_returns_stripe_url" time="0.897" /><testcase classname="backend.tests.test_subscriptions" name="test_checkout_unknown_plan_rejects" time="0.599" /><testcase classname="backend.tests.test_subscriptions" name="test_portal_without_customer_returns_400" time="0.579" /><testcase classname="backend.tests.test_subscriptions" name="test_usage_summary_shape" time="0.476" /><testcase classname="backend.tests.test_subscriptions" name="test_trial_pro_can_call_practice" time="2.436" /><testcase classname="backend.tests.test_subscriptions" name="test_free_user_practice_402_mentions_plus" time="0.650" /><testcase classname="backend.tests.test_subscriptions" name="test_free_user_live_assist_402_mentions_pro" time="0.145" /><testcase classname="backend.tests.test_subscriptions" name="test_free_user_contracts_402_mentions_plus" time="0.111" /><testcase classname="backend.tests.test_subscriptions" name="test_free_user_voice_transcribe_402_mentions_plus" time="0.145" /><testcase classname="backend.tests.test_subscriptions" name="test_free_user_court_category_402" time="0.118" /><testcase classname="backend.tests.test_subscriptions" name="test_free_user_premium_template_402" time="0.136" /><testcase classname="backend.tests.test_subscriptions" name="test_free_user_lex_chat_quota_5_then_429" time="26.801" /><testcase classname="backend.tests.test_subscriptions" name="test_free_user_emergency_rights_works" time="11.930" /><testcase classname="backend.tests.test_subscriptions" name="test_free_user_lawfirms_works" time="0.189" /><testcase classname="backend.tests.test_subscriptions" name="test_plus_user_can_practice_cannot_live_assist" time="2.346" /><testcase classname="backend.tests.test_subscriptions" name="test_pro_user_can_premium_template" time="28.188" /><testcase classname="backend.tests.test_subscriptions" name="test_price_to_tier_mapping" time="0.001" /><testcase classname="backend.tests.test_subscriptions" name="test_free_user_letters_monthly_quota_1" time="82.823"><failure message="AssertionError: {&quot;id&quot;:&quot;ed7f3c8c-30f3-4f2d-95b4-a3e2ad5ac037&quot;,&quot;title&quot;:&quot;Demand Tenancy Deposit Back&quot;,&quot;letter&quot;:&quot;# FORMAL LETTER OF DEMAND\n\n---\n\n**T**\n[Your Address]\n[City, Postcode]\n[Email Address]\n[Telephone Number]\n\n**Date:** [Insert Date]\n\n**[Landlord's Full Name]**\n[Landlord's Address]\n[City, Postcode]\n\n---\n\n## RE: FORMAL DEMAND FOR RETURN OF TENANCY DEPOSIT AND STATUTORY PENALTY – [PROPERTY ADDRESS]\n\nDear [Landlord's Name],\n\n## TENANCY DEPOSIT – UNLAWFUL RETENTION AND FAILURE TO PROTECT\n\nI write regarding the tenancy deposit paid by me in respect of the above property, which you are unlawfully withholding. This letter constitutes formal notice of my demand for the immediate return of my deposit and serves as a final opportunity to remedy your breaches of statutory duty before I commence County Court proceedings without further notice.\n\n## BACKGROUND\n\n1. I was your tenant at [Property Address] under an assured shorthold tenancy commencing on [Start Date] and ending on [End Date].\n\n2. On [Date], I paid a tenancy deposit of **£[Amount]** to you.\n\n3. The tenancy has now ended, I vacated the property on [Date], and I have complied with all my obligations under the tenancy agreement.\n\n4. You have failed to return my deposit, instead making unfounded and wholly unsubstantiated allegations of [briefly describe landlord's claims, e.g., \&quot;damage,\&quot; \&quot;cleaning costs,\&quot; \&quot;rent arrears\&quot;] to justify withholding the funds.\n\n## LEGAL POSITION\n\n### Failure to Protect the Deposit\n\nUnder **section 213 of the Housing Act 2004**, you were legally obliged to protect my deposit in a government-authorised Tenancy Deposit Scheme (TDS) within **30 days** of receipt and to provide me with prescribed information about the protection.\n\nI have no record of receiving such information, and enquiries with the three authorised schemes (Deposit Protection Service, MyDeposits, and Tenancy Deposit Scheme) confirm that my deposit was never protected.\n\nYour failure to comply with these mandatory requirements constitutes a criminal offence and entitles me to bring proceedings under **section 214 of the Housing Act 2004**, whereby the court **must order** you to pay me between **one and three times the deposit amount** as a penalty, in addition to returning the deposit itself.\n\nThe Court of Appeal in *Superstrike Ltd v Rodrigues* [2013] EWCA Civ 669 confirmed that this penalty is mandatory and compensatory in nature, recognising the serious prejudice caused to tenants whose deposits are not protected.\n\n### Unlawful Retention\n\nFurthermore, your retention of my deposit is without legal justification. A landlord may only make lawful deductions from a deposit for:\n\n- Rent arrears;\n- Damage beyond fair wear and tear; or\n- Other breaches of the tenancy agreement.\n\nYou have provided no credible evidence supporting your allegations. I left the property in good condition, accounting for reasonable wear and tear accumulated during the lawful occupation. Any minor deterioration falls squarely within the principle established in *Hicks v Godfrey* that \&quot;fair wear and tear\&quot; includes deterioration through ordinary use over time.\n\nThe statutory deposit scheme rules require landlords to provide **evidence** of damage with dates, descriptions, and costings. You have failed to discharge this burden.\n\n## FORMAL DEMAND\n\nI therefore **demand**:\n\n1. **Immediate return** of my full deposit of **£[Amount]** within **14 days** of the date of this letter;\n\n2. **Acknowledgment** that you failed to protect my deposit in accordance with the Housing Act 2004;\n\n3. **Voluntary payment** of a penalty sum of **£[Amount × 3] (three times the deposit)** representing the statutory sanction you face under section 214, thereby avoiding court costs and a County Court Judgment against you.\n\nThe total sum demanded is therefore **£[Total Amount]**.\n\n## CONSEQUENCES OF NON-COMPLIANCE\n\nShould you fail to comply with this demand within the 14-day period, I shall immediately issue County Court proceedings against you under **section 214 of the Housing Act 2004** without further notice, claiming:\n\n- Return of the deposit (£[Amount]);\n- The statutory penalty of three times the deposit (£[Amount × 3]);\n- Court fees;\n- Interest pursuant to section 69 of the County Courts Act 1984; and\n- Legal costs.\n\nI am confident that the court will award the **maximum penalty** given your complete failure to protect the deposit and your unjustified retention of my funds. You will also be liable for a County Court Judgment, which will adversely affect your credit rating and remain on your record for six years.\n\nFurthermore, I reserve my rights to report your breaches to:\n\n- The local authority Trading Standards department;\n- HM Revenue &amp; Customs regarding potential tax evasion on rental income;\n- Any relevant landlord registration or licensing authority.\n\n## PAYMENT INSTRUCTIONS\n\nPayment should be made by bank transfer to:\n\n**Account Name:** [Your Name]  \n**Sort Code:** [XX-XX-XX]  \n**Account Number:** [XXXXXXXX]  \n**Reference:** DEPOSIT RETURN\n\nAlternatively, you may send a cheque (payable to [Your Name]) or banker's draft to my address above.\n\n## CONCLUSION\n\nThis matter is entirely of your own making. The law is unambiguous, and the courts apply the statutory penalty regime rigorously to deter rogue landlords. You have a brief opportunity to resolve this matter without the substantial additional costs and consequences of litigation.\n\nI expect your full compliance within 14 days. Should you dispute any aspect of this claim, you must respond in writing within 7 days, setting out your grounds with supporting evidence. Silence or prevarication will be taken as an admission, and proceedings will be issued.\n\nI trust you will act sensibly and avoid unnecessary legal proceedings. However, I am fully prepared to pursue this matter to judgment if necessary.\n\n**Yours sincerely,**\n\n\n\n**T**\n\n---\n\n**ENCLOSURES:** None\n\n**CC:** [Optional: Copy to letting agent if applicable]\n\n---\n\n*This letter is written without prejudice to all rights and remedies, all of which are expressly reserved.*&quot;}&#10;assert 200 == 429&#10; +  where 200 = &lt;Response [200]&gt;.status_code">backend/tests/test_subscriptions.py:346: in test_free_user_letters_monthly_quota_1
    assert r2.status_code == 429, r2.text
E   AssertionError: {"id":"ed7f3c8c-30f3-4f2d-95b4-a3e2ad5ac037","title":"Demand Tenancy Deposit Back","letter":"# FORMAL LETTER OF DEMAND\n\n---\n\n**T**\n[Your Address]\n[City, Postcode]\n[Email Address]\n[Telephone Number]\n\n**Date:** [Insert Date]\n\n**[Landlord's Full Name]**\n[Landlord's Address]\n[City, Postcode]\n\n---\n\n## RE: FORMAL DEMAND FOR RETURN OF TENANCY DEPOSIT AND STATUTORY PENALTY – [PROPERTY ADDRESS]\n\nDear [Landlord's Name],\n\n## TENANCY DEPOSIT – UNLAWFUL RETENTION AND FAILURE TO PROTECT\n\nI write regarding the tenancy deposit paid by me in respect of the above property, which you are unlawfully withholding. This letter constitutes formal notice of my demand for the immediate return of my deposit and serves as a final opportunity to remedy your breaches of statutory duty before I commence County Court proceedings without further notice.\n\n## BACKGROUND\n\n1. I was your tenant at [Property Address] under an assured shorthold tenancy commencing on [Start Date] and ending on [End Date].\n\n2. On [Date], I paid a tenancy deposit of **£[Amount]** to you.\n\n3. The tenancy has now ended, I vacated the property on [Date], and I have complied with all my obligations under the tenancy agreement.\n\n4. You have failed to return my deposit, instead making unfounded and wholly unsubstantiated allegations of [briefly describe landlord's claims, e.g., \"damage,\" \"cleaning costs,\" \"rent arrears\"] to justify withholding the funds.\n\n## LEGAL POSITION\n\n### Failure to Protect the Deposit\n\nUnder **section 213 of the Housing Act 2004**, you were legally obliged to protect my deposit in a government-authorised Tenancy Deposit Scheme (TDS) within **30 days** of receipt and to provide me with prescribed information about the protection.\n\nI have no record of receiving such information, and enquiries with the three authorised schemes (Deposit Protection Service, MyDeposits, and Tenancy Deposit Scheme) confirm that my deposit was never protected.\n\nYour failure to comply with these mandatory requirements constitutes a criminal offence and entitles me to bring proceedings under **section 214 of the Housing Act 2004**, whereby the court **must order** you to pay me between **one and three times the deposit amount** as a penalty, in addition to returning the deposit itself.\n\nThe Court of Appeal in *Superstrike Ltd v Rodrigues* [2013] EWCA Civ 669 confirmed that this penalty is mandatory and compensatory in nature, recognising the serious prejudice caused to tenants whose deposits are not protected.\n\n### Unlawful Retention\n\nFurthermore, your retention of my deposit is without legal justification. A landlord may only make lawful deductions from a deposit for:\n\n- Rent arrears;\n- Damage beyond fair wear and tear; or\n- Other breaches of the tenancy agreement.\n\nYou have provided no credible evidence supporting your allegations. I left the property in good condition, accounting for reasonable wear and tear accumulated during the lawful occupation. Any minor deterioration falls squarely within the principle established in *Hicks v Godfrey* that \"fair wear and tear\" includes deterioration through ordinary use over time.\n\nThe statutory deposit scheme rules require landlords to provide **evidence** of damage with dates, descriptions, and costings. You have failed to discharge this burden.\n\n## FORMAL DEMAND\n\nI therefore **demand**:\n\n1. **Immediate return** of my full deposit of **£[Amount]** within **14 days** of the date of this letter;\n\n2. **Acknowledgment** that you failed to protect my deposit in accordance with the Housing Act 2004;\n\n3. **Voluntary payment** of a penalty sum of **£[Amount × 3] (three times the deposit)** representing the statutory sanction you face under section 214, thereby avoiding court costs and a County Court Judgment against you.\n\nThe total sum demanded is therefore **£[Total Amount]**.\n\n## CONSEQUENCES OF NON-COMPLIANCE\n\nShould you fail to comply with this demand within the 14-day period, I shall immediately issue County Court proceedings against you under **section 214 of the Housing Act 2004** without further notice, claiming:\n\n- Return of the deposit (£[Amount]);\n- The statutory penalty of three times the deposit (£[Amount × 3]);\n- Court fees;\n- Interest pursuant to section 69 of the County Courts Act 1984; and\n- Legal costs.\n\nI am confident that the court will award the **maximum penalty** given your complete failure to protect the deposit and your unjustified retention of my funds. You will also be liable for a County Court Judgment, which will adversely affect your credit rating and remain on your record for six years.\n\nFurthermore, I reserve my rights to report your breaches to:\n\n- The local authority Trading Standards department;\n- HM Revenue &amp; Customs regarding potential tax evasion on rental income;\n- Any relevant landlord registration or licensing authority.\n\n## PAYMENT INSTRUCTIONS\n\nPayment should be made by bank transfer to:\n\n**Account Name:** [Your Name]  \n**Sort Code:** [XX-XX-XX]  \n**Account Number:** [XXXXXXXX]  \n**Reference:** DEPOSIT RETURN\n\nAlternatively, you may send a cheque (payable to [Your Name]) or banker's draft to my address above.\n\n## CONCLUSION\n\nThis matter is entirely of your own making. The law is unambiguous, and the courts apply the statutory penalty regime rigorously to deter rogue landlords. You have a brief opportunity to resolve this matter without the substantial additional costs and consequences of litigation.\n\nI expect your full compliance within 14 days. Should you dispute any aspect of this claim, you must respond in writing within 7 days, setting out your grounds with supporting evidence. Silence or prevarication will be taken as an admission, and proceedings will be issued.\n\nI trust you will act sensibly and avoid unnecessary legal proceedings. However, I am fully prepared to pursue this matter to judgment if necessary.\n\n**Yours sincerely,**\n\n\n\n**T**\n\n---\n\n**ENCLOSURES:** None\n\n**CC:** [Optional: Copy to letting agent if applicable]\n\n---\n\n*This letter is written without prejudice to all rights and remedies, all of which are expressly reserved.*"}
E   assert 200 == 429
E    +  where 200 = &lt;Response [200]&gt;.status_code</failure></testcase></testsuite></testsuites>