<?xml version="1.0" encoding="utf-8"?><testsuites name="pytest tests"><testsuite name="pytest" errors="0" failures="2" skipped="0" tests="14" time="32.372" timestamp="2026-05-16T18:57:11.614253+00:00" hostname="agent-env-99b5bebe-9f08-4692-ba1b-011288199bff"><testcase classname="backend.tests.test_iter10_features.TestLiveNotes" name="test_add_and_fetch" time="0.734" /><testcase classname="backend.tests.test_iter10_features.TestLiveNotes" name="test_list_sessions" time="0.105" /><testcase classname="backend.tests.test_iter10_features.TestLiveNotes" name="test_pdf_export" time="0.114" /><testcase classname="backend.tests.test_iter10_features.TestLiveNotes" name="test_pdf_export_empty_session" time="0.105" /><testcase classname="backend.tests.test_iter10_features.TestDailyTip" name="test_daily_tip_with_caching" time="0.260" /><testcase classname="backend.tests.test_iter10_features.TestFeedback" name="test_thumbs_up" time="0.111" /><testcase classname="backend.tests.test_iter10_features.TestFeedback" name="test_thumbs_down_with_comment" time="0.111" /><testcase classname="backend.tests.test_iter10_features.TestFeedback" name="test_invalid_rating" time="0.110" /><testcase classname="backend.tests.test_iter10_features.TestFirmSubscribe" name="test_verified_plan_rejected" time="0.456" /><testcase classname="backend.tests.test_iter10_features.TestFirmSubscribe" name="test_featured_plan" time="0.674"><failure message="AssertionError: unexpected 500: {&quot;detail&quot;:&quot;Stripe checkout failed: Request req_BaanGVjYWNgFMj: Not a valid URL&quot;}&#10;assert 500 in (200, 503)&#10; +  where 500 = &lt;Response [500]&gt;.status_code">E   AssertionError: unexpected 500: {"detail":"Stripe checkout failed: Request req_BaanGVjYWNgFMj: Not a valid URL"}
    assert 500 in (200, 503)
     +  where 500 = &lt;Response [500]&gt;.status_code</failure></testcase><testcase classname="backend.tests.test_iter10_features.TestFirmSubscribe" name="test_premium_plan" time="0.539"><failure message="AssertionError: unexpected 500: {&quot;detail&quot;:&quot;Stripe checkout failed: Request req_iZaqfsqv9kAMSj: Not a valid URL&quot;}&#10;assert 500 in (200, 503)&#10; +  where 500 = &lt;Response [500]&gt;.status_code">E   AssertionError: unexpected 500: {"detail":"Stripe checkout failed: Request req_iZaqfsqv9kAMSj: Not a valid URL"}
    assert 500 in (200, 503)
     +  where 500 = &lt;Response [500]&gt;.status_code</failure></testcase><testcase classname="backend.tests.test_iter10_features.TestDocumentAnalyse" name="test_analyse_returns_schema" time="13.251" /><testcase classname="backend.tests.test_iter10_features.TestDocumentAnalyse" name="test_case_link_creates_case_item_and_reminders" time="15.618" /><testcase classname="backend.tests.test_iter10_features.TestTrialCaps" name="test_usage_endpoint_or_me_reports_trial_pro" time="0.103" /></testsuite></testsuites>