<?xml version="1.0" encoding="utf-8"?><testsuites name="pytest tests"><testsuite name="pytest" errors="0" failures="0" skipped="0" tests="9" time="7.082" timestamp="2026-06-27T11:21:47.983908+00:00" hostname="agent-env-99b5bebe-9f08-4692-ba1b-011288199bff"><testcase classname="backend.tests.test_admin_users_case_insensitive.TestAdminCaseInsensitiveEmail" name="test_delete_with_lowercase_email_succeeds" time="1.634" /><testcase classname="backend.tests.test_admin_users_case_insensitive.TestAdminCaseInsensitiveEmail" name="test_delete_with_mixedcase_email_succeeds" time="0.885" /><testcase classname="backend.tests.test_admin_users_case_insensitive.TestAdminCaseInsensitiveEmail" name="test_comp_case_insensitive" time="0.948" /><testcase classname="backend.tests.test_admin_users_case_insensitive.TestAdminCaseInsensitiveEmail" name="test_revoke_case_insensitive" time="1.178" /><testcase classname="backend.tests.test_admin_users_case_insensitive.TestAdminCaseInsensitiveEmail" name="test_restore_case_insensitive" time="1.083" /><testcase classname="backend.tests.test_admin_users_case_insensitive.TestAdminCaseInsensitiveEmail" name="test_purge_case_insensitive_and_removed_from_recent" time="1.006" /><testcase classname="backend.tests.test_admin_users_case_insensitive.TestAdminCaseInsensitiveEmail" name="test_protected_account_guard_still_works" time="0.095" /><testcase classname="backend.tests.test_admin_users_case_insensitive.TestAdminCaseInsensitiveEmail" name="test_protected_account_guard_against_mixed_case_input" time="0.095" /><testcase classname="backend.tests.test_admin_users_case_insensitive.TestAdminCaseInsensitiveEmail" name="test_nonexistent_user_returns_404" time="0.095" /></testsuite></testsuites>