<?xml version="1.0" encoding="utf-8"?><testsuites name="pytest tests"><testsuite name="pytest" errors="0" failures="0" skipped="0" tests="12" time="6.895" timestamp="2026-05-18T11:14:31.979191+00:00" hostname="agent-env-99b5bebe-9f08-4692-ba1b-011288199bff"><testcase classname="backend.tests.test_iter13_engagements.TestRemindersBadge" name="test_badge_returns_count_field" time="0.632" /><testcase classname="backend.tests.test_iter13_engagements.TestRemindersBadge" name="test_badge_requires_auth" time="0.112" /><testcase classname="backend.tests.test_iter13_engagements.TestFirmSubscribePlan" name="test_invalid_plan_returns_400" time="0.489" /><testcase classname="backend.tests.test_iter13_engagements.TestFirmSubscribePlan" name="test_valid_plans_accepted[featured]" time="1.040" /><testcase classname="backend.tests.test_iter13_engagements.TestFirmSubscribePlan" name="test_valid_plans_accepted[premium]" time="0.837" /><testcase classname="backend.tests.test_iter13_engagements.TestFirmSubscribePlan" name="test_valid_plans_accepted[practice]" time="0.444" /><testcase classname="backend.tests.test_iter13_engagements.TestEngagementTierGate" name="test_free_tier_blocked_402" time="0.474" /><testcase classname="backend.tests.test_iter13_engagements.TestEngagementTierGate" name="test_featured_tier_blocked_402" time="0.524" /><testcase classname="backend.tests.test_iter13_engagements.TestEngagementTierGate" name="test_premium_tier_allows" time="0.474" /><testcase classname="backend.tests.test_iter13_engagements.TestEngagementTierGate" name="test_firm_engagements_list_includes_limit" time="0.501" /><testcase classname="backend.tests.test_iter13_engagements.TestInviteEmailLock" name="test_wrong_email_rejected_403" time="1.079" /><testcase classname="backend.tests.test_iter13_engagements.TestInvitePreview404" name="test_unknown_token_404" time="0.104" /></testsuite></testsuites>