<?xml version="1.0" encoding="utf-8"?><testsuites name="pytest tests"><testsuite name="pytest" errors="0" failures="0" skipped="0" tests="6" time="1.152" timestamp="2026-06-17T18:45:48.424936+00:00" hostname="agent-env-99b5bebe-9f08-4692-ba1b-011288199bff"><testcase classname="backend.tests.test_lawfirms_nearby.TestLawfirmsNearby" name="test_nearby_latlng_returns_sponsored_and_google" time="0.420" /><testcase classname="backend.tests.test_lawfirms_nearby.TestLawfirmsNearby" name="test_nearby_postcode_resolved_address" time="0.426" /><testcase classname="backend.tests.test_lawfirms_nearby.TestLawfirmsNearby" name="test_nearby_missing_params_400" time="0.042" /><testcase classname="backend.tests.test_lawfirms_nearby.TestLawfirmsNearby" name="test_nearby_dedupe_no_duplicate_crown_and_bench" time="0.047" /><testcase classname="backend.tests.test_lawfirms_nearby.TestLawfirmsNearby" name="test_nearby_cache_is_fast_on_repeat" time="0.089" /><testcase classname="backend.tests.test_lawfirms_nearby.TestLawfirmsLegacy" name="test_lawfirms_list_still_works" time="0.044" /></testsuite></testsuites>