<?xml version="1.0" encoding="utf-8"?><testsuites name="pytest tests"><testsuite name="pytest" errors="0" failures="0" skipped="0" tests="16" time="19.177" timestamp="2026-05-28T10:46:50.125738+00:00" hostname="agent-env-99b5bebe-9f08-4692-ba1b-011288199bff"><testcase classname="backend.tests.test_prelaunch_smoke.TestDemoMode" name="test_demo_returns_token_and_is_demo" time="0.142" /><testcase classname="backend.tests.test_prelaunch_smoke.TestDemoMode" name="test_demo_seeded_case" time="0.050" /><testcase classname="backend.tests.test_prelaunch_smoke.TestSignup" name="test_signup_returns_token_no_demo_flag" time="0.335" /><testcase classname="backend.tests.test_prelaunch_smoke.TestAdminLogin" name="test_admin_is_owner_flag" time="0.271" /><testcase classname="backend.tests.test_prelaunch_smoke.TestLexChat" name="test_lex_chat_returns_non_empty" time="16.281" /><testcase classname="backend.tests.test_prelaunch_smoke.TestEmergency" name="test_save_and_get_contacts" time="0.105" /><testcase classname="backend.tests.test_prelaunch_smoke.TestEmergency" name="test_watch_token" time="0.056" /><testcase classname="backend.tests.test_prelaunch_smoke.TestFeedbackSuggest" name="test_feedback_suggest_creates_record" time="0.710" /><testcase classname="backend.tests.test_prelaunch_smoke.TestSolicitorBrief" name="test_solicitor_brief_pdf" time="0.064" /><testcase classname="backend.tests.test_prelaunch_smoke.TestAuthInterceptor" name="test_invalid_token_returns_401" time="0.047" /><testcase classname="backend.tests.test_prelaunch_smoke.TestStripeTopup" name="test_topup_checkout_returns_url_or_503" time="0.458" /><testcase classname="backend.tests.test_prelaunch_smoke.TestCaseTimeline" name="test_timeline_returns_feed" time="0.099" /><testcase classname="backend.tests.test_prelaunch_smoke.TestCaseTimeline" name="test_timeline_pdf" time="0.112" /><testcase classname="backend.tests.test_prelaunch_smoke.TestWaitlist" name="test_waitlist_join_and_admin_export" time="0.097" /><testcase classname="backend.tests.test_prelaunch_smoke.TestPolicyPages" name="test_terms_v14" time="0.155" /><testcase classname="backend.tests.test_prelaunch_smoke.TestPolicyPages" name="test_privacy_v11" time="0.103" /></testsuite></testsuites>