<?xml version="1.0" encoding="utf-8"?><testsuites name="pytest tests"><testsuite name="pytest" errors="0" failures="0" skipped="0" tests="13" time="44.057" timestamp="2026-05-16T19:58:45.647994+00:00" hostname="agent-env-99b5bebe-9f08-4692-ba1b-011288199bff"><testcase classname="backend.tests.test_round2_features.TestOutcomePredictor" name="test_short_summary_rejected" time="0.491" /><testcase classname="backend.tests.test_round2_features.TestOutcomePredictor" name="test_predict_returns_structured_json" time="16.158" /><testcase classname="backend.tests.test_round2_features.TestCostEstimator" name="test_estimate_full_schema" time="2.976" /><testcase classname="backend.tests.test_round2_features.TestLegalAid" name="test_low_income_qualifies" time="0.124" /><testcase classname="backend.tests.test_round2_features.TestLegalAid" name="test_high_income_disqualifies" time="0.132" /><testcase classname="backend.tests.test_round2_features.TestFileDelete" name="test_delete_then_404_on_second" time="8.694" /><testcase classname="backend.tests.test_round2_features.TestFileDelete" name="test_other_user_cannot_delete" time="6.750" /><testcase classname="backend.tests.test_round2_features.TestHearingTranscribe" name="test_upload_returns_analysis" time="6.855" /><testcase classname="backend.tests.test_round2_features.TestCaseShare" name="test_share_returns_token_url" time="0.417" /><testcase classname="backend.tests.test_round2_features.TestCaseShare" name="test_share_token_uniqueness" time="0.541" /><testcase classname="backend.tests.test_round2_features.TestCaseShare" name="test_invalid_token_404" time="0.141" /><testcase classname="backend.tests.test_round2_features.TestCaseShare" name="test_revoke_share" time="0.481" /><testcase classname="backend.tests.test_round2_features.TestStatsPublic" name="test_no_auth_required_and_cached" time="0.232" /></testsuite></testsuites>